2003.08.15 20:01 B C:\Docs\sites\helder\dante\pt\inferno\ant.gif --> ftp89.locaweb.com.br /public_html/helder/dante/pt/inferno ant.gif
2003.08.15 20:01 B C:\Docs\sites\helder\dante\pt\inferno\bartolomeo.html --> ftp89.locaweb.com.br /public_html/helder/dante/pt/inferno bartolomeo.html
2003.08.15 20:01 B C:\Docs\sites\helder\dante\pt\inferno\blake1.html --> ftp89.locaweb.com.br /public_html/helder/dante/pt/inferno blake1.html
2003.08.15 20:01 B C:\Docs\sites\helder\dante\pt\inferno\blake2.html --> ftp89.locaweb.com.br /public_html/helder/dante/pt/inferno blake2.html
2003.08.15 20:01 B C:\Docs\sites\helder\dante\pt\inferno\bookmark.gif --> ftp89.locaweb.com.br /public_html/helder/dante/pt/inferno bookmark.gif
2003.08.15 20:01 B C:\Docs\sites\helder\dante\pt\inferno\botticelli1.html --> ftp89.locaweb.com.br /public_html/helder/dante/pt/inferno botticelli1.html
2003.08.15 20:01 B C:\Docs\sites\helder\dante\pt\inferno\botticelli2.html --> ftp89.locaweb.com.br /public_html/helder/dante/pt/inferno botticelli2.html
2003.08.15 20:01 B C:\Docs\sites\helder\dante\pt\inferno\botticelli3.html --> ftp89.locaweb.com.br /public_html/helder/dante/pt/inferno botticelli3.html
2003.08.15 20:01 B C:\Docs\sites\helder\dante\pt\inferno\canto_1.html --> ftp89.locaweb.com.br /public_html/helder/dante/pt/inferno canto_1.html
2003.08.15 20:01 B C:\Docs\sites\helder\dante\pt\inferno\canto_10.html --> ftp89.locaweb.com.br /public_html/helder/dante/pt/inferno canto_10.html
2003.08.15 20:01 B C:\Docs\sites\helder\dante\pt\inferno\canto_11.html --> ftp89.locaweb.com.br /public_html/helder/dante/pt/inferno canto_11.html
2003.08.15 20:01 B C:\Docs\sites\helder\dante\pt\inferno\canto_12.html --> ftp89.locaweb.com.br /public_html/helder/dante/pt/inferno canto_12.html
2003.08.15 20:01 B C:\Docs\sites\helder\dante\pt\inferno\canto_13.html --> ftp89.locaweb.com.br /public_html/helder/dante/pt/inferno canto_13.html
2003.08.15 20:01 B C:\Docs\sites\helder\dante\pt\inferno\canto_14.html --> ftp89.locaweb.com.br /public_html/helder/dante/pt/inferno canto_14.html
2003.08.15 20:01 B C:\Docs\sites\helder\dante\pt\inferno\canto_15.html --> ftp89.locaweb.com.br /public_html/helder/dante/pt/inferno canto_15.html
2003.08.15 20:01 B C:\Docs\sites\helder\dante\pt\inferno\canto_16.html --> ftp89.locaweb.com.br /public_html/helder/dante/pt/inferno canto_16.html
2003.08.15 20:01 B C:\Docs\sites\helder\dante\pt\inferno\canto_17.html --> ftp89.locaweb.com.br /public_html/helder/dante/pt/inferno canto_17.html
2003.08.15 20:01 B C:\Docs\sites\helder\dante\pt\inferno\canto_18.html --> ftp89.locaweb.com.br /public_html/helder/dante/pt/inferno canto_18.html
2003.08.15 20:01 B C:\Docs\sites\helder\dante\pt\inferno\canto_19.html --> ftp89.locaweb.com.br /public_html/helder/dante/pt/inferno canto_19.html
2003.08.15 20:01 B C:\Docs\sites\helder\dante\pt\inferno\canto_2.html --> ftp89.locaweb.com.br /public_html/helder/dante/pt/inferno canto_2.html
2003.08.15 20:01 B C:\Docs\sites\helder\dante\pt\inferno\canto_20.html --> ftp89.locaweb.com.br /public_html/helder/dante/pt/inferno canto_20.html
2003.08.15 20:01 B C:\Docs\sites\helder\dante\pt\inferno\canto_21.html --> ftp89.locaweb.com.br /public_html/helder/dante/pt/inferno canto_21.html
2003.08.15 20:01 B C:\Docs\sites\helder\dante\pt\inferno\canto_22.html --> ftp89.locaweb.com.br /public_html/helder/dante/pt/inferno canto_22.html
2003.08.15 20:01 B C:\Docs\sites\helder\dante\pt\inferno\canto_23.html --> ftp89.locaweb.com.br /public_html/helder/dante/pt/inferno canto_23.html
2003.08.15 20:01 B C:\Docs\sites\helder\dante\pt\inferno\canto_24.html --> ftp89.locaweb.com.br /public_html/helder/dante/pt/inferno canto_24.html
2003.08.15 20:01 B C:\Docs\sites\helder\dante\pt\inferno\canto_25.html --> ftp89.locaweb.com.br /public_html/helder/dante/pt/inferno canto_25.html
2003.08.15 20:01 B C:\Docs\sites\helder\dante\pt\inferno\canto_26.html --> ftp89.locaweb.com.br /public_html/helder/dante/pt/inferno canto_26.html
2003.08.15 20:01 B C:\Docs\sites\helder\dante\pt\inferno\canto_27.html --> ftp89.locaweb.com.br /public_html/helder/dante/pt/inferno canto_27.html
2003.08.15 20:01 B C:\Docs\sites\helder\dante\pt\inferno\canto_28.html --> ftp89.locaweb.com.br /public_html/helder/dante/pt/inferno canto_28.html
2003.08.15 20:01 B C:\Docs\sites\helder\dante\pt\inferno\canto_29.html --> ftp89.locaweb.com.br /public_html/helder/dante/pt/inferno canto_29.html
2003.08.15 20:01 B C:\Docs\sites\helder\dante\pt\inferno\canto_3.html --> ftp89.locaweb.com.br /public_html/helder/dante/pt/inferno canto_3.html
2003.08.15 20:01 B C:\Docs\sites\helder\dante\pt\inferno\canto_30.html --> ftp89.locaweb.com.br /public_html/helder/dante/pt/inferno canto_30.html
2003.08.15 20:01 B C:\Docs\sites\helder\dante\pt\inferno\canto_31.html --> ftp89.locaweb.com.br /public_html/helder/dante/pt/inferno canto_31.html
2003.08.15 20:01 B C:\Docs\sites\helder\dante\pt\inferno\canto_32.html --> ftp89.locaweb.com.br /public_html/helder/dante/pt/inferno canto_32.html
2003.08.15 20:01 B C:\Docs\sites\helder\dante\pt\inferno\canto_33.html --> ftp89.locaweb.com.br /public_html/helder/dante/pt/inferno canto_33.html
2003.08.15 20:01 B C:\Docs\sites\helder\dante\pt\inferno\canto_34.html --> ftp89.locaweb.com.br /public_html/helder/dante/pt/inferno canto_34.html
2003.08.15 20:01 B C:\Docs\sites\helder\dante\pt\inferno\canto_4.html --> ftp89.locaweb.com.br /public_html/helder/dante/pt/inferno canto_4.html
2003.08.15 20:02 B C:\Docs\sites\helder\dante\pt\inferno\canto_5.html --> ftp89.locaweb.com.br /public_html/helder/dante/pt/inferno canto_5.html
2003.08.15 20:02 B C:\Docs\sites\helder\dante\pt\inferno\canto_6.html --> ftp89.locaweb.com.br /public_html/helder/dante/pt/inferno canto_6.html
2003.08.15 20:02 B C:\Docs\sites\helder\dante\pt\inferno\canto_7.html --> ftp89.locaweb.com.br /public_html/helder/dante/pt/inferno canto_7.html
2003.08.15 20:02 B C:\Docs\sites\helder\dante\pt\inferno\canto_8.html --> ftp89.locaweb.com.br /public_html/helder/dante/pt/inferno canto_8.html
2003.08.15 20:02 B C:\Docs\sites\helder\dante\pt\inferno\canto_9.html --> ftp89.locaweb.com.br /public_html/helder/dante/pt/inferno canto_9.html
2003.08.15 20:02 B C:\Docs\sites\helder\dante\pt\inferno\cantos.css --> ftp89.locaweb.com.br /public_html/helder/dante/pt/inferno cantos.css
2003.08.15 20:02 B C:\Docs\sites\helder\dante\pt\inferno\cantos.html --> ftp89.locaweb.com.br /public_html/helder/dante/pt/inferno cantos.html
2003.08.15 20:02 B C:\Docs\sites\helder\dante\pt\inferno\cantos_orig.html --> ftp89.locaweb.com.br /public_html/helder/dante/pt/inferno cantos_orig.html
2003.08.15 20:02 B C:\Docs\sites\helder\dante\pt\inferno\delacroix.html --> ftp89.locaweb.com.br /public_html/helder/dante/pt/inferno delacroix.html
2003.08.15 20:02 B C:\Docs\sites\helder\dante\pt\inferno\dore10.html --> ftp89.locaweb.com.br /public_html/helder/dante/pt/inferno dore10.html
2003.08.15 20:02 B C:\Docs\sites\helder\dante\pt\inferno\dore11.html --> ftp89.locaweb.com.br /public_html/helder/dante/pt/inferno dore11.html
2003.08.15 20:02 B C:\Docs\sites\helder\dante\pt\inferno\dore12.html --> ftp89.locaweb.com.br /public_html/helder/dante/pt/inferno dore12.html
2003.08.15 20:02 B C:\Docs\sites\helder\dante\pt\inferno\dore13.html --> ftp89.locaweb.com.br /public_html/helder/dante/pt/inferno dore13.html
2003.08.15 20:02 B C:\Docs\sites\helder\dante\pt\inferno\dore14.html --> ftp89.locaweb.com.br /public_html/helder/dante/pt/inferno dore14.html
2003.08.15 20:02 B C:\Docs\sites\helder\dante\pt\inferno\dore15.html --> ftp89.locaweb.com.br /public_html/helder/dante/pt/inferno dore15.html
2003.08.15 20:02 B C:\Docs\sites\helder\dante\pt\inferno\dore16.html --> ftp89.locaweb.com.br /public_html/helder/dante/pt/inferno dore16.html
2003.08.15 20:02 B C:\Docs\sites\helder\dante\pt\inferno\dore2.html --> ftp89.locaweb.com.br /public_html/helder/dante/pt/inferno dore2.html
2003.08.15 20:02 B C:\Docs\sites\helder\dante\pt\inferno\dore3.html --> ftp89.locaweb.com.br /public_html/helder/dante/pt/inferno dore3.html
2003.08.15 20:02 B C:\Docs\sites\helder\dante\pt\inferno\dore4.html --> ftp89.locaweb.com.br /public_html/helder/dante/pt/inferno dore4.html
2003.08.15 20:02 B C:\Docs\sites\helder\dante\pt\inferno\dore5.html --> ftp89.locaweb.com.br /public_html/helder/dante/pt/inferno dore5.html
2003.08.15 20:02 B C:\Docs\sites\helder\dante\pt\inferno\dore6.html --> ftp89.locaweb.com.br /public_html/helder/dante/pt/inferno dore6.html
2003.08.15 20:02 B C:\Docs\sites\helder\dante\pt\inferno\dore7.html --> ftp89.locaweb.com.br /public_html/helder/dante/pt/inferno dore7.html
2003.08.15 20:02 B C:\Docs\sites\helder\dante\pt\inferno\dore8.html --> ftp89.locaweb.com.br /public_html/helder/dante/pt/inferno dore8.html
2003.08.15 20:02 B C:\Docs\sites\helder\dante\pt\inferno\dore9.html --> ftp89.locaweb.com.br /public_html/helder/dante/pt/inferno dore9.html
2003.08.15 20:02 B C:\Docs\sites\helder\dante\pt\inferno\email.gif --> ftp89.locaweb.com.br /public_html/helder/dante/pt/inferno email.gif
2003.08.15 20:02 B C:\Docs\sites\helder\dante\pt\inferno\feuerbach.html --> ftp89.locaweb.com.br /public_html/helder/dante/pt/inferno feuerbach.html
2003.08.15 20:02 B C:\Docs\sites\helder\dante\pt\inferno\glossario.html --> ftp89.locaweb.com.br /public_html/helder/dante/pt/inferno glossario.html
2003.08.15 20:02 B C:\Docs\sites\helder\dante\pt\inferno\helder1.html --> ftp89.locaweb.com.br /public_html/helder/dante/pt/inferno helder1.html
2003.08.15 20:02 B C:\Docs\sites\helder\dante\pt\inferno\helder2.html --> ftp89.locaweb.com.br /public_html/helder/dante/pt/inferno helder2.html
2003.08.15 20:02 B C:\Docs\sites\helder\dante\pt\inferno\imagens.html --> ftp89.locaweb.com.br /public_html/helder/dante/pt/inferno imagens.html
2003.08.15 20:02 B C:\Docs\sites\helder\dante\pt\inferno\index.html --> ftp89.locaweb.com.br /public_html/helder/dante/pt/inferno index.html
2003.08.15 20:02 B C:\Docs\sites\helder\dante\pt\inferno\indice.gif --> ftp89.locaweb.com.br /public_html/helder/dante/pt/inferno indice.gif
2003.08.15 20:02 B C:\Docs\sites\helder\dante\pt\inferno\inf_pixel.gif --> ftp89.locaweb.com.br /public_html/helder/dante/pt/inferno inf_pixel.gif
2003.08.15 20:02 B C:\Docs\sites\helder\dante\pt\inferno\inferno.html --> ftp89.locaweb.com.br /public_html/helder/dante/pt/inferno inferno.html
2003.08.15 20:02 B C:\Docs\sites\helder\dante\pt\inferno\inferno_1.html --> ftp89.locaweb.com.br /public_html/helder/dante/pt/inferno inferno_1.html
2003.08.15 20:02 B C:\Docs\sites\helder\dante\pt\inferno\inferno_10.html --> ftp89.locaweb.com.br /public_html/helder/dante/pt/inferno inferno_10.html
2003.08.15 20:02 B C:\Docs\sites\helder\dante\pt\inferno\inferno_11.html --> ftp89.locaweb.com.br /public_html/helder/dante/pt/inferno inferno_11.html
2003.08.15 20:02 B C:\Docs\sites\helder\dante\pt\inferno\inferno_12.html --> ftp89.locaweb.com.br /public_html/helder/dante/pt/inferno inferno_12.html
2003.08.15 20:02 B C:\Docs\sites\helder\dante\pt\inferno\inferno_13.html --> ftp89.locaweb.com.br /public_html/helder/dante/pt/inferno inferno_13.html
2003.08.15 20:02 B C:\Docs\sites\helder\dante\pt\inferno\inferno_14.html --> ftp89.locaweb.com.br /public_html/helder/dante/pt/inferno inferno_14.html
2003.08.15 20:02 B C:\Docs\sites\helder\dante\pt\inferno\inferno_15.html --> ftp89.locaweb.com.br /public_html/helder/dante/pt/inferno inferno_15.html
2003.08.15 20:02 B C:\Docs\sites\helder\dante\pt\inferno\inferno_16.html --> ftp89.locaweb.com.br /public_html/helder/dante/pt/inferno inferno_16.html
2003.08.15 20:02 B C:\Docs\sites\helder\dante\pt\inferno\inferno_17.html --> ftp89.locaweb.com.br /public_html/helder/dante/pt/inferno inferno_17.html
2003.08.15 20:02 B C:\Docs\sites\helder\dante\pt\inferno\inferno_18.html --> ftp89.locaweb.com.br /public_html/helder/dante/pt/inferno inferno_18.html
2003.08.15 20:02 B C:\Docs\sites\helder\dante\pt\inferno\inferno_19.html --> ftp89.locaweb.com.br /public_html/helder/dante/pt/inferno inferno_19.html
2003.08.15 20:02 B C:\Docs\sites\helder\dante\pt\inferno\inferno_2.html --> ftp89.locaweb.com.br /public_html/helder/dante/pt/inferno inferno_2.html
2003.08.15 20:02 B C:\Docs\sites\helder\dante\pt\inferno\inferno_20.html --> ftp89.locaweb.com.br /public_html/helder/dante/pt/inferno inferno_20.html
2003.08.15 20:02 B C:\Docs\sites\helder\dante\pt\inferno\inferno_21.html --> ftp89.locaweb.com.br /public_html/helder/dante/pt/inferno inferno_21.html
2003.08.15 20:02 B C:\Docs\sites\helder\dante\pt\inferno\inferno_22.html --> ftp89.locaweb.com.br /public_html/helder/dante/pt/inferno inferno_22.html
2003.08.15 20:02 B C:\Docs\sites\helder\dante\pt\inferno\inferno_23.html --> ftp89.locaweb.com.br /public_html/helder/dante/pt/inferno inferno_23.html
2003.08.15 20:02 B C:\Docs\sites\helder\dante\pt\inferno\inferno_24.html --> ftp89.locaweb.com.br /public_html/helder/dante/pt/inferno inferno_24.html
2003.08.15 20:02 B C:\Docs\sites\helder\dante\pt\inferno\inferno_25.html --> ftp89.locaweb.com.br /public_html/helder/dante/pt/inferno inferno_25.html
2003.08.15 20:02 B C:\Docs\sites\helder\dante\pt\inferno\inferno_26.html --> ftp89.locaweb.com.br /public_html/helder/dante/pt/inferno inferno_26.html
2003.08.15 20:02 B C:\Docs\sites\helder\dante\pt\inferno\inferno_27.html --> ftp89.locaweb.com.br /public_html/helder/dante/pt/inferno inferno_27.html
2003.08.15 20:02 B C:\Docs\sites\helder\dante\pt\inferno\inferno_28.html --> ftp89.locaweb.com.br /public_html/helder/dante/pt/inferno inferno_28.html
2003.08.15 20:02 B C:\Docs\sites\helder\dante\pt\inferno\inferno_29.html --> ftp89.locaweb.com.br /public_html/helder/dante/pt/inferno inferno_29.html
2003.08.15 20:02 B C:\Docs\sites\helder\dante\pt\inferno\inferno_3.html --> ftp89.locaweb.com.br /public_html/helder/dante/pt/inferno inferno_3.html
2003.08.15 20:03 B C:\Docs\sites\helder\dante\pt\inferno\inferno_30.html --> ftp89.locaweb.com.br /public_html/helder/dante/pt/inferno inferno_30.html
2003.08.15 20:03 B C:\Docs\sites\helder\dante\pt\inferno\inferno_31.html --> ftp89.locaweb.com.br /public_html/helder/dante/pt/inferno inferno_31.html
2003.08.15 20:03 B C:\Docs\sites\helder\dante\pt\inferno\inferno_32.html --> ftp89.locaweb.com.br /public_html/helder/dante/pt/inferno inferno_32.html
2003.08.15 20:03 B C:\Docs\sites\helder\dante\pt\inferno\inferno_33.html --> ftp89.locaweb.com.br /public_html/helder/dante/pt/inferno inferno_33.html
2003.08.15 20:03 B C:\Docs\sites\helder\dante\pt\inferno\inferno_34.html --> ftp89.locaweb.com.br /public_html/helder/dante/pt/inferno inferno_34.html
2003.08.15 20:03 B C:\Docs\sites\helder\dante\pt\inferno\inferno_4.html --> ftp89.locaweb.com.br /public_html/helder/dante/pt/inferno inferno_4.html
2003.08.15 20:03 B C:\Docs\sites\helder\dante\pt\inferno\inferno_5.html --> ftp89.locaweb.com.br /public_html/helder/dante/pt/inferno inferno_5.html
2003.08.15 20:03 B C:\Docs\sites\helder\dante\pt\inferno\inferno_6.html --> ftp89.locaweb.com.br /public_html/helder/dante/pt/inferno inferno_6.html
2003.08.15 20:03 B C:\Docs\sites\helder\dante\pt\inferno\inferno_7.html --> ftp89.locaweb.com.br /public_html/helder/dante/pt/inferno inferno_7.html
2003.08.15 20:03 B C:\Docs\sites\helder\dante\pt\inferno\inferno_8.html --> ftp89.locaweb.com.br /public_html/helder/dante/pt/inferno inferno_8.html
2003.08.15 20:03 B C:\Docs\sites\helder\dante\pt\inferno\inferno_9.html --> ftp89.locaweb.com.br /public_html/helder/dante/pt/inferno inferno_9.html
2003.08.15 20:03 B C:\Docs\sites\helder\dante\pt\inferno\intro.html --> ftp89.locaweb.com.br /public_html/helder/dante/pt/inferno intro.html
2003.08.15 20:03 B C:\Docs\sites\helder\dante\pt\inferno\mapa1.html --> ftp89.locaweb.com.br /public_html/helder/dante/pt/inferno mapa1.html
2003.08.15 20:03 B C:\Docs\sites\helder\dante\pt\inferno\mapa2.html --> ftp89.locaweb.com.br /public_html/helder/dante/pt/inferno mapa2.html
2003.08.15 20:03 B C:\Docs\sites\helder\dante\pt\inferno\mapa3.html --> ftp89.locaweb.com.br /public_html/helder/dante/pt/inferno mapa3.html
2003.08.15 20:03 B C:\Docs\sites\helder\dante\pt\inferno\mapa4.html --> ftp89.locaweb.com.br /public_html/helder/dante/pt/inferno mapa4.html
2003.08.15 20:03 B C:\Docs\sites\helder\dante\pt\inferno\mapa5.html --> ftp89.locaweb.com.br /public_html/helder/dante/pt/inferno mapa5.html
2003.08.15 20:03 B C:\Docs\sites\helder\dante\pt\inferno\mapa6.html --> ftp89.locaweb.com.br /public_html/helder/dante/pt/inferno mapa6.html
2003.08.15 20:03 B C:\Docs\sites\helder\dante\pt\inferno\mapa7.html --> ftp89.locaweb.com.br /public_html/helder/dante/pt/inferno mapa7.html
2003.08.15 20:03 B C:\Docs\sites\helder\dante\pt\inferno\marcar.gif --> ftp89.locaweb.com.br /public_html/helder/dante/pt/inferno marcar.gif
2003.08.15 20:03 B C:\Docs\sites\helder\dante\pt\inferno\marcar.html --> ftp89.locaweb.com.br /public_html/helder/dante/pt/inferno marcar.html
2003.08.15 20:03 B C:\Docs\sites\helder\dante\pt\inferno\navbar.html --> ftp89.locaweb.com.br /public_html/helder/dante/pt/inferno navbar.html
2003.08.15 20:03 B C:\Docs\sites\helder\dante\pt\inferno\navbar2.html --> ftp89.locaweb.com.br /public_html/helder/dante/pt/inferno navbar2.html
2003.08.15 20:03 B C:\Docs\sites\helder\dante\pt\inferno\navbar3.html --> ftp89.locaweb.com.br /public_html/helder/dante/pt/inferno navbar3.html
2003.08.15 20:03 B C:\Docs\sites\helder\dante\pt\inferno\navbar3_tv.html --> ftp89.locaweb.com.br /public_html/helder/dante/pt/inferno navbar3_tv.html
2003.08.15 20:03 B C:\Docs\sites\helder\dante\pt\inferno\navbar3f.html --> ftp89.locaweb.com.br /public_html/helder/dante/pt/inferno navbar3f.html
2003.08.15 20:03 B C:\Docs\sites\helder\dante\pt\inferno\navbar3f_th.html --> ftp89.locaweb.com.br /public_html/helder/dante/pt/inferno navbar3f_th.html
2003.08.15 20:03 B C:\Docs\sites\helder\dante\pt\inferno\navbar4.html --> ftp89.locaweb.com.br /public_html/helder/dante/pt/inferno navbar4.html
2003.08.15 20:03 B C:\Docs\sites\helder\dante\pt\inferno\navbar5.html --> ftp89.locaweb.com.br /public_html/helder/dante/pt/inferno navbar5.html
2003.08.15 20:03 B C:\Docs\sites\helder\dante\pt\inferno\navbar6.html --> ftp89.locaweb.com.br /public_html/helder/dante/pt/inferno navbar6.html
2003.08.15 20:03 B C:\Docs\sites\helder\dante\pt\inferno\notas.gif --> ftp89.locaweb.com.br /public_html/helder/dante/pt/inferno notas.gif
2003.08.15 20:03 B C:\Docs\sites\helder\dante\pt\inferno\notas_1.html --> ftp89.locaweb.com.br /public_html/helder/dante/pt/inferno notas_1.html
2003.08.15 20:03 B C:\Docs\sites\helder\dante\pt\inferno\notas_10.html --> ftp89.locaweb.com.br /public_html/helder/dante/pt/inferno notas_10.html
2003.08.15 20:03 B C:\Docs\sites\helder\dante\pt\inferno\notas_11.html --> ftp89.locaweb.com.br /public_html/helder/dante/pt/inferno notas_11.html
2003.08.15 20:03 B C:\Docs\sites\helder\dante\pt\inferno\notas_12.html --> ftp89.locaweb.com.br /public_html/helder/dante/pt/inferno notas_12.html
2003.08.15 20:03 B C:\Docs\sites\helder\dante\pt\inferno\notas_13.html --> ftp89.locaweb.com.br /public_html/helder/dante/pt/inferno notas_13.html
2003.08.15 20:03 B C:\Docs\sites\helder\dante\pt\inferno\notas_14.html --> ftp89.locaweb.com.br /public_html/helder/dante/pt/inferno notas_14.html
2003.08.15 20:03 B C:\Docs\sites\helder\dante\pt\inferno\notas_15.html --> ftp89.locaweb.com.br /public_html/helder/dante/pt/inferno notas_15.html
2003.08.15 20:03 B C:\Docs\sites\helder\dante\pt\inferno\notas_16.html --> ftp89.locaweb.com.br /public_html/helder/dante/pt/inferno notas_16.html
2003.08.15 20:03 B C:\Docs\sites\helder\dante\pt\inferno\notas_17.html --> ftp89.locaweb.com.br /public_html/helder/dante/pt/inferno notas_17.html
2003.08.15 20:03 B C:\Docs\sites\helder\dante\pt\inferno\notas_18.html --> ftp89.locaweb.com.br /public_html/helder/dante/pt/inferno notas_18.html
2003.08.15 20:03 B C:\Docs\sites\helder\dante\pt\inferno\notas_19.html --> ftp89.locaweb.com.br /public_html/helder/dante/pt/inferno notas_19.html
2003.08.15 20:03 B C:\Docs\sites\helder\dante\pt\inferno\notas_2.html --> ftp89.locaweb.com.br /public_html/helder/dante/pt/inferno notas_2.html
2003.08.15 20:03 B C:\Docs\sites\helder\dante\pt\inferno\notas_20.html --> ftp89.locaweb.com.br /public_html/helder/dante/pt/inferno notas_20.html
2003.08.15 20:03 B C:\Docs\sites\helder\dante\pt\inferno\notas_21.html --> ftp89.locaweb.com.br /public_html/helder/dante/pt/inferno notas_21.html
2003.08.15 20:03 B C:\Docs\sites\helder\dante\pt\inferno\notas_22.html --> ftp89.locaweb.com.br /public_html/helder/dante/pt/inferno notas_22.html
2003.08.15 20:03 B C:\Docs\sites\helder\dante\pt\inferno\notas_23.html --> ftp89.locaweb.com.br /public_html/helder/dante/pt/inferno notas_23.html
2003.08.15 20:03 B C:\Docs\sites\helder\dante\pt\inferno\notas_24.html --> ftp89.locaweb.com.br /public_html/helder/dante/pt/inferno notas_24.html
2003.08.15 20:03 B C:\Docs\sites\helder\dante\pt\inferno\notas_25.html --> ftp89.locaweb.com.br /public_html/helder/dante/pt/inferno notas_25.html
2003.08.15 20:03 B C:\Docs\sites\helder\dante\pt\inferno\notas_26.html --> ftp89.locaweb.com.br /public_html/helder/dante/pt/inferno notas_26.html
2003.08.15 20:03 B C:\Docs\sites\helder\dante\pt\inferno\notas_27.html --> ftp89.locaweb.com.br /public_html/helder/dante/pt/inferno notas_27.html
2003.08.15 20:03 B C:\Docs\sites\helder\dante\pt\inferno\notas_28.html --> ftp89.locaweb.com.br /public_html/helder/dante/pt/inferno notas_28.html
2003.08.15 20:03 B C:\Docs\sites\helder\dante\pt\inferno\notas_29.html --> ftp89.locaweb.com.br /public_html/helder/dante/pt/inferno notas_29.html
2003.08.15 20:03 B C:\Docs\sites\helder\dante\pt\inferno\notas_3.html --> ftp89.locaweb.com.br /public_html/helder/dante/pt/inferno notas_3.html
2003.08.15 20:03 B C:\Docs\sites\helder\dante\pt\inferno\notas_30.html --> ftp89.locaweb.com.br /public_html/helder/dante/pt/inferno notas_30.html
2003.08.15 20:03 B C:\Docs\sites\helder\dante\pt\inferno\notas_31.html --> ftp89.locaweb.com.br /public_html/helder/dante/pt/inferno notas_31.html
2003.08.15 20:03 B C:\Docs\sites\helder\dante\pt\inferno\notas_32.html --> ftp89.locaweb.com.br /public_html/helder/dante/pt/inferno notas_32.html
2003.08.15 20:03 B C:\Docs\sites\helder\dante\pt\inferno\notas_33.html --> ftp89.locaweb.com.br /public_html/helder/dante/pt/inferno notas_33.html
2003.08.15 20:03 B C:\Docs\sites\helder\dante\pt\inferno\notas_34.html --> ftp89.locaweb.com.br /public_html/helder/dante/pt/inferno notas_34.html
2003.08.15 20:03 B C:\Docs\sites\helder\dante\pt\inferno\notas_4.html --> ftp89.locaweb.com.br /public_html/helder/dante/pt/inferno notas_4.html
2003.08.15 20:03 B C:\Docs\sites\helder\dante\pt\inferno\notas_5.html --> ftp89.locaweb.com.br /public_html/helder/dante/pt/inferno notas_5.html
2003.08.15 20:03 B C:\Docs\sites\helder\dante\pt\inferno\notas_6.html --> ftp89.locaweb.com.br /public_html/helder/dante/pt/inferno notas_6.html
2003.08.15 20:03 B C:\Docs\sites\helder\dante\pt\inferno\notas_7.html --> ftp89.locaweb.com.br /public_html/helder/dante/pt/inferno notas_7.html
2003.08.15 20:03 B C:\Docs\sites\helder\dante\pt\inferno\notas_8.html --> ftp89.locaweb.com.br /public_html/helder/dante/pt/inferno notas_8.html
2003.08.15 20:03 B C:\Docs\sites\helder\dante\pt\inferno\notas_9.html --> ftp89.locaweb.com.br /public_html/helder/dante/pt/inferno notas_9.html
2003.08.15 20:03 B C:\Docs\sites\helder\dante\pt\inferno\pecados.html --> ftp89.locaweb.com.br /public_html/helder/dante/pt/inferno pecados.html
2003.08.15 20:03 B C:\Docs\sites\helder\dante\pt\inferno\poema.css --> ftp89.locaweb.com.br /public_html/helder/dante/pt/inferno poema.css
2003.08.15 20:03 B C:\Docs\sites\helder\dante\pt\inferno\poema.gif --> ftp89.locaweb.com.br /public_html/helder/dante/pt/inferno poema.gif
2003.08.15 20:03 B C:\Docs\sites\helder\dante\pt\inferno\portal.html --> ftp89.locaweb.com.br /public_html/helder/dante/pt/inferno portal.html
2003.08.15 20:03 B C:\Docs\sites\helder\dante\pt\inferno\prosa.gif --> ftp89.locaweb.com.br /public_html/helder/dante/pt/inferno prosa.gif
2003.08.15 20:03 B C:\Docs\sites\helder\dante\pt\inferno\prox.gif --> ftp89.locaweb.com.br /public_html/helder/dante/pt/inferno prox.gif
2003.08.15 20:03 B C:\Docs\sites\helder\dante\pt\inferno\rodin1.html --> ftp89.locaweb.com.br /public_html/helder/dante/pt/inferno rodin1.html
2003.08.15 20:03 B C:\Docs\sites\helder\dante\pt\inferno\rossetti1.html --> ftp89.locaweb.com.br /public_html/helder/dante/pt/inferno rossetti1.html
2003.08.15 20:04 B C:\Docs\sites\helder\dante\pt\inferno\vellutello.html --> ftp89.locaweb.com.br /public_html/helder/dante/pt/inferno vellutello.html
2003.08.15 20:04 B C:\Docs\sites\helder\dante\pt\inferno\viaemail.html --> ftp89.locaweb.com.br /public_html/helder/dante/pt/inferno viaemail.html
2003.08.15 23:11 B C:\Docs\sites\helder\dante\pt\inferno\viaemail.html --> ftp89.locaweb.com.br /public_html/helder/dante/pt/inferno viaemail.html
2003.08.15 23:11 B C:\Docs\sites\helder\dante\pt\inferno\glossario.html --> ftp89.locaweb.com.br /public_html/helder/dante/pt/inferno glossario.html
2003.08.15 23:54 B C:\Docs\sites\helder\dante\pt\inferno\viaemail.html --> ftp89.locaweb.com.br /public_html/helder/dante/pt/inferno viaemail.html
2003.08.15 23:58 B C:\Docs\sites\helder\dante\pt\inferno\viaemail.html --> ftp89.locaweb.com.br /public_html/helder/dante/pt/inferno viaemail.html
2003.12.22 08:45 B C:\Docs\sites\helder\dante\pt\inferno\ant.gif --> ftp125.locaweb.com.br /public_html/pt/inferno ant.gif
2003.12.22 08:45 B C:\Docs\sites\helder\dante\pt\inferno\bartolomeo.html --> ftp125.locaweb.com.br /public_html/pt/inferno bartolomeo.html
2003.12.22 08:45 B C:\Docs\sites\helder\dante\pt\inferno\blake1.html --> ftp125.locaweb.com.br /public_html/pt/inferno blake1.html
2003.12.22 08:45 B C:\Docs\sites\helder\dante\pt\inferno\blake2.html --> ftp125.locaweb.com.br /public_html/pt/inferno blake2.html
2003.12.22 08:45 B C:\Docs\sites\helder\dante\pt\inferno\bookmark.gif --> ftp125.locaweb.com.br /public_html/pt/inferno bookmark.gif
2003.12.22 08:45 B C:\Docs\sites\helder\dante\pt\inferno\botticelli1.html --> ftp125.locaweb.com.br /public_html/pt/inferno botticelli1.html
2003.12.22 08:45 B C:\Docs\sites\helder\dante\pt\inferno\botticelli2.html --> ftp125.locaweb.com.br /public_html/pt/inferno botticelli2.html
2003.12.22 08:45 B C:\Docs\sites\helder\dante\pt\inferno\botticelli3.html --> ftp125.locaweb.com.br /public_html/pt/inferno botticelli3.html
2003.12.22 08:45 B C:\Docs\sites\helder\dante\pt\inferno\canto_1.html --> ftp125.locaweb.com.br /public_html/pt/inferno canto_1.html
2003.12.22 08:45 B C:\Docs\sites\helder\dante\pt\inferno\canto_10.html --> ftp125.locaweb.com.br /public_html/pt/inferno canto_10.html
2003.12.22 08:45 B C:\Docs\sites\helder\dante\pt\inferno\canto_11.html --> ftp125.locaweb.com.br /public_html/pt/inferno canto_11.html
2003.12.22 08:45 B C:\Docs\sites\helder\dante\pt\inferno\canto_12.html --> ftp125.locaweb.com.br /public_html/pt/inferno canto_12.html
2003.12.22 08:45 B C:\Docs\sites\helder\dante\pt\inferno\canto_13.html --> ftp125.locaweb.com.br /public_html/pt/inferno canto_13.html
2003.12.22 08:45 B C:\Docs\sites\helder\dante\pt\inferno\canto_14.html --> ftp125.locaweb.com.br /public_html/pt/inferno canto_14.html
2003.12.22 08:45 B C:\Docs\sites\helder\dante\pt\inferno\canto_15.html --> ftp125.locaweb.com.br /public_html/pt/inferno canto_15.html
2003.12.22 08:45 B C:\Docs\sites\helder\dante\pt\inferno\canto_16.html --> ftp125.locaweb.com.br /public_html/pt/inferno canto_16.html
2003.12.22 08:45 B C:\Docs\sites\helder\dante\pt\inferno\canto_17.html --> ftp125.locaweb.com.br /public_html/pt/inferno canto_17.html
2003.12.22 08:45 B C:\Docs\sites\helder\dante\pt\inferno\canto_18.html --> ftp125.locaweb.com.br /public_html/pt/inferno canto_18.html
2003.12.22 08:45 B C:\Docs\sites\helder\dante\pt\inferno\canto_19.html --> ftp125.locaweb.com.br /public_html/pt/inferno canto_19.html
2003.12.22 08:45 B C:\Docs\sites\helder\dante\pt\inferno\canto_2.html --> ftp125.locaweb.com.br /public_html/pt/inferno canto_2.html
2003.12.22 08:45 B C:\Docs\sites\helder\dante\pt\inferno\canto_20.html --> ftp125.locaweb.com.br /public_html/pt/inferno canto_20.html
2003.12.22 08:45 B C:\Docs\sites\helder\dante\pt\inferno\canto_21.html --> ftp125.locaweb.com.br /public_html/pt/inferno canto_21.html
2003.12.22 08:45 B C:\Docs\sites\helder\dante\pt\inferno\canto_22.html --> ftp125.locaweb.com.br /public_html/pt/inferno canto_22.html
2003.12.22 08:45 B C:\Docs\sites\helder\dante\pt\inferno\canto_23.html --> ftp125.locaweb.com.br /public_html/pt/inferno canto_23.html
2003.12.22 08:45 B C:\Docs\sites\helder\dante\pt\inferno\canto_24.html --> ftp125.locaweb.com.br /public_html/pt/inferno canto_24.html
2003.12.22 08:45 B C:\Docs\sites\helder\dante\pt\inferno\canto_25.html --> ftp125.locaweb.com.br /public_html/pt/inferno canto_25.html
2003.12.22 08:45 B C:\Docs\sites\helder\dante\pt\inferno\canto_26.html --> ftp125.locaweb.com.br /public_html/pt/inferno canto_26.html
2003.12.22 08:45 B C:\Docs\sites\helder\dante\pt\inferno\canto_27.html --> ftp125.locaweb.com.br /public_html/pt/inferno canto_27.html
2003.12.22 08:45 B C:\Docs\sites\helder\dante\pt\inferno\canto_28.html --> ftp125.locaweb.com.br /public_html/pt/inferno canto_28.html
2003.12.22 08:45 B C:\Docs\sites\helder\dante\pt\inferno\canto_29.html --> ftp125.locaweb.com.br /public_html/pt/inferno canto_29.html
2003.12.22 08:45 B C:\Docs\sites\helder\dante\pt\inferno\canto_3.html --> ftp125.locaweb.com.br /public_html/pt/inferno canto_3.html
2003.12.22 08:45 B C:\Docs\sites\helder\dante\pt\inferno\canto_30.html --> ftp125.locaweb.com.br /public_html/pt/inferno canto_30.html
2003.12.22 08:45 B C:\Docs\sites\helder\dante\pt\inferno\canto_31.html --> ftp125.locaweb.com.br /public_html/pt/inferno canto_31.html
2003.12.22 08:45 B C:\Docs\sites\helder\dante\pt\inferno\canto_32.html --> ftp125.locaweb.com.br /public_html/pt/inferno canto_32.html
2003.12.22 08:45 B C:\Docs\sites\helder\dante\pt\inferno\canto_33.html --> ftp125.locaweb.com.br /public_html/pt/inferno canto_33.html
2003.12.22 08:45 B C:\Docs\sites\helder\dante\pt\inferno\canto_34.html --> ftp125.locaweb.com.br /public_html/pt/inferno canto_34.html
2003.12.22 08:45 B C:\Docs\sites\helder\dante\pt\inferno\canto_4.html --> ftp125.locaweb.com.br /public_html/pt/inferno canto_4.html
2003.12.22 08:45 B C:\Docs\sites\helder\dante\pt\inferno\canto_5.html --> ftp125.locaweb.com.br /public_html/pt/inferno canto_5.html
2003.12.22 08:45 B C:\Docs\sites\helder\dante\pt\inferno\canto_6.html --> ftp125.locaweb.com.br /public_html/pt/inferno canto_6.html
2003.12.22 08:45 B C:\Docs\sites\helder\dante\pt\inferno\canto_7.html --> ftp125.locaweb.com.br /public_html/pt/inferno canto_7.html
2003.12.22 08:45 B C:\Docs\sites\helder\dante\pt\inferno\canto_8.html --> ftp125.locaweb.com.br /public_html/pt/inferno canto_8.html
2003.12.22 08:45 B C:\Docs\sites\helder\dante\pt\inferno\canto_9.html --> ftp125.locaweb.com.br /public_html/pt/inferno canto_9.html
2003.12.22 08:45 B C:\Docs\sites\helder\dante\pt\inferno\cantos.css --> ftp125.locaweb.com.br /public_html/pt/inferno cantos.css
2003.12.22 08:45 B C:\Docs\sites\helder\dante\pt\inferno\cantos.html --> ftp125.locaweb.com.br /public_html/pt/inferno cantos.html
2003.12.22 08:45 B C:\Docs\sites\helder\dante\pt\inferno\cantos_orig.html --> ftp125.locaweb.com.br /public_html/pt/inferno cantos_orig.html
2003.12.22 08:45 B C:\Docs\sites\helder\dante\pt\inferno\delacroix.html --> ftp125.locaweb.com.br /public_html/pt/inferno delacroix.html
2003.12.22 08:45 B C:\Docs\sites\helder\dante\pt\inferno\dore10.html --> ftp125.locaweb.com.br /public_html/pt/inferno dore10.html
2003.12.22 08:45 B C:\Docs\sites\helder\dante\pt\inferno\dore11.html --> ftp125.locaweb.com.br /public_html/pt/inferno dore11.html
2003.12.22 08:45 B C:\Docs\sites\helder\dante\pt\inferno\dore12.html --> ftp125.locaweb.com.br /public_html/pt/inferno dore12.html
2003.12.22 08:45 B C:\Docs\sites\helder\dante\pt\inferno\dore13.html --> ftp125.locaweb.com.br /public_html/pt/inferno dore13.html
2003.12.22 08:46 B C:\Docs\sites\helder\dante\pt\inferno\dore14.html --> ftp125.locaweb.com.br /public_html/pt/inferno dore14.html
2003.12.22 08:46 B C:\Docs\sites\helder\dante\pt\inferno\dore15.html --> ftp125.locaweb.com.br /public_html/pt/inferno dore15.html
2003.12.22 08:46 B C:\Docs\sites\helder\dante\pt\inferno\dore16.html --> ftp125.locaweb.com.br /public_html/pt/inferno dore16.html
2003.12.22 08:46 B C:\Docs\sites\helder\dante\pt\inferno\dore2.html --> ftp125.locaweb.com.br /public_html/pt/inferno dore2.html
2003.12.22 08:46 B C:\Docs\sites\helder\dante\pt\inferno\dore3.html --> ftp125.locaweb.com.br /public_html/pt/inferno dore3.html
2003.12.22 08:46 B C:\Docs\sites\helder\dante\pt\inferno\dore4.html --> ftp125.locaweb.com.br /public_html/pt/inferno dore4.html
2003.12.22 08:46 B C:\Docs\sites\helder\dante\pt\inferno\dore5.html --> ftp125.locaweb.com.br /public_html/pt/inferno dore5.html
2003.12.22 08:46 B C:\Docs\sites\helder\dante\pt\inferno\dore6.html --> ftp125.locaweb.com.br /public_html/pt/inferno dore6.html
2003.12.22 08:46 B C:\Docs\sites\helder\dante\pt\inferno\dore7.html --> ftp125.locaweb.com.br /public_html/pt/inferno dore7.html
2003.12.22 08:46 B C:\Docs\sites\helder\dante\pt\inferno\dore8.html --> ftp125.locaweb.com.br /public_html/pt/inferno dore8.html
2003.12.22 08:46 B C:\Docs\sites\helder\dante\pt\inferno\dore9.html --> ftp125.locaweb.com.br /public_html/pt/inferno dore9.html
2003.12.22 08:46 B C:\Docs\sites\helder\dante\pt\inferno\email.gif --> ftp125.locaweb.com.br /public_html/pt/inferno email.gif
2003.12.22 08:46 B C:\Docs\sites\helder\dante\pt\inferno\feuerbach.html --> ftp125.locaweb.com.br /public_html/pt/inferno feuerbach.html
2003.12.22 08:46 B C:\Docs\sites\helder\dante\pt\inferno\glossario.html --> ftp125.locaweb.com.br /public_html/pt/inferno glossario.html
2003.12.22 08:46 B C:\Docs\sites\helder\dante\pt\inferno\glossario.html~ --> ftp125.locaweb.com.br /public_html/pt/inferno glossario.html~
2003.12.22 08:46 B C:\Docs\sites\helder\dante\pt\inferno\helder1.html --> ftp125.locaweb.com.br /public_html/pt/inferno helder1.html
2003.12.22 08:46 B C:\Docs\sites\helder\dante\pt\inferno\helder2.html --> ftp125.locaweb.com.br /public_html/pt/inferno helder2.html
2003.12.22 08:46 B C:\Docs\sites\helder\dante\pt\inferno\imagens.html --> ftp125.locaweb.com.br /public_html/pt/inferno imagens.html
2003.12.22 08:46 B C:\Docs\sites\helder\dante\pt\inferno\index.html --> ftp125.locaweb.com.br /public_html/pt/inferno index.html
2003.12.22 08:46 B C:\Docs\sites\helder\dante\pt\inferno\indice.gif --> ftp125.locaweb.com.br /public_html/pt/inferno indice.gif
2003.12.22 08:46 B C:\Docs\sites\helder\dante\pt\inferno\inf_pixel.gif --> ftp125.locaweb.com.br /public_html/pt/inferno inf_pixel.gif
2003.12.22 08:46 B C:\Docs\sites\helder\dante\pt\inferno\inferno.html --> ftp125.locaweb.com.br /public_html/pt/inferno inferno.html
2003.12.22 08:46 B C:\Docs\sites\helder\dante\pt\inferno\inferno_1.html --> ftp125.locaweb.com.br /public_html/pt/inferno inferno_1.html
2003.12.22 08:46 B C:\Docs\sites\helder\dante\pt\inferno\inferno_10.html --> ftp125.locaweb.com.br /public_html/pt/inferno inferno_10.html
2003.12.22 08:46 B C:\Docs\sites\helder\dante\pt\inferno\inferno_11.html --> ftp125.locaweb.com.br /public_html/pt/inferno inferno_11.html
2003.12.22 08:46 B C:\Docs\sites\helder\dante\pt\inferno\inferno_12.html --> ftp125.locaweb.com.br /public_html/pt/inferno inferno_12.html
2003.12.22 08:46 B C:\Docs\sites\helder\dante\pt\inferno\inferno_13.html --> ftp125.locaweb.com.br /public_html/pt/inferno inferno_13.html
2003.12.22 08:46 B C:\Docs\sites\helder\dante\pt\inferno\inferno_14.html --> ftp125.locaweb.com.br /public_html/pt/inferno inferno_14.html
2003.12.22 08:46 B C:\Docs\sites\helder\dante\pt\inferno\inferno_15.html --> ftp125.locaweb.com.br /public_html/pt/inferno inferno_15.html
2003.12.22 08:46 B C:\Docs\sites\helder\dante\pt\inferno\inferno_16.html --> ftp125.locaweb.com.br /public_html/pt/inferno inferno_16.html
2003.12.22 08:46 B C:\Docs\sites\helder\dante\pt\inferno\inferno_17.html --> ftp125.locaweb.com.br /public_html/pt/inferno inferno_17.html
2003.12.22 08:46 B C:\Docs\sites\helder\dante\pt\inferno\inferno_18.html --> ftp125.locaweb.com.br /public_html/pt/inferno inferno_18.html
2003.12.22 08:46 B C:\Docs\sites\helder\dante\pt\inferno\inferno_19.html --> ftp125.locaweb.com.br /public_html/pt/inferno inferno_19.html
2003.12.22 08:46 B C:\Docs\sites\helder\dante\pt\inferno\inferno_2.html --> ftp125.locaweb.com.br /public_html/pt/inferno inferno_2.html
2003.12.22 08:46 B C:\Docs\sites\helder\dante\pt\inferno\inferno_20.html --> ftp125.locaweb.com.br /public_html/pt/inferno inferno_20.html
2003.12.22 08:46 B C:\Docs\sites\helder\dante\pt\inferno\inferno_21.html --> ftp125.locaweb.com.br /public_html/pt/inferno inferno_21.html
2003.12.22 08:46 B C:\Docs\sites\helder\dante\pt\inferno\inferno_22.html --> ftp125.locaweb.com.br /public_html/pt/inferno inferno_22.html
2003.12.22 08:46 B C:\Docs\sites\helder\dante\pt\inferno\inferno_23.html --> ftp125.locaweb.com.br /public_html/pt/inferno inferno_23.html
2003.12.22 08:46 B C:\Docs\sites\helder\dante\pt\inferno\inferno_24.html --> ftp125.locaweb.com.br /public_html/pt/inferno inferno_24.html
2003.12.22 08:46 B C:\Docs\sites\helder\dante\pt\inferno\inferno_25.html --> ftp125.locaweb.com.br /public_html/pt/inferno inferno_25.html
2003.12.22 08:46 B C:\Docs\sites\helder\dante\pt\inferno\inferno_26.html --> ftp125.locaweb.com.br /public_html/pt/inferno inferno_26.html
2003.12.22 08:46 B C:\Docs\sites\helder\dante\pt\inferno\inferno_27.html --> ftp125.locaweb.com.br /public_html/pt/inferno inferno_27.html
2003.12.22 08:46 B C:\Docs\sites\helder\dante\pt\inferno\inferno_28.html --> ftp125.locaweb.com.br /public_html/pt/inferno inferno_28.html
2003.12.22 08:46 B C:\Docs\sites\helder\dante\pt\inferno\inferno_29.html --> ftp125.locaweb.com.br /public_html/pt/inferno inferno_29.html
2003.12.22 08:46 B C:\Docs\sites\helder\dante\pt\inferno\inferno_3.html --> ftp125.locaweb.com.br /public_html/pt/inferno inferno_3.html
2003.12.22 08:46 B C:\Docs\sites\helder\dante\pt\inferno\inferno_30.html --> ftp125.locaweb.com.br /public_html/pt/inferno inferno_30.html
2003.12.22 08:46 B C:\Docs\sites\helder\dante\pt\inferno\inferno_31.html --> ftp125.locaweb.com.br /public_html/pt/inferno inferno_31.html
2003.12.22 08:46 B C:\Docs\sites\helder\dante\pt\inferno\inferno_32.html --> ftp125.locaweb.com.br /public_html/pt/inferno inferno_32.html
2003.12.22 08:47 B C:\Docs\sites\helder\dante\pt\inferno\inferno_33.html --> ftp125.locaweb.com.br /public_html/pt/inferno inferno_33.html
2003.12.22 08:47 B C:\Docs\sites\helder\dante\pt\inferno\inferno_34.html --> ftp125.locaweb.com.br /public_html/pt/inferno inferno_34.html
2003.12.22 08:47 B C:\Docs\sites\helder\dante\pt\inferno\inferno_4.html --> ftp125.locaweb.com.br /public_html/pt/inferno inferno_4.html
2003.12.22 08:47 B C:\Docs\sites\helder\dante\pt\inferno\inferno_5.html --> ftp125.locaweb.com.br /public_html/pt/inferno inferno_5.html
2003.12.22 08:47 B C:\Docs\sites\helder\dante\pt\inferno\inferno_6.html --> ftp125.locaweb.com.br /public_html/pt/inferno inferno_6.html
2003.12.22 08:47 B C:\Docs\sites\helder\dante\pt\inferno\inferno_7.html --> ftp125.locaweb.com.br /public_html/pt/inferno inferno_7.html
2003.12.22 08:47 B C:\Docs\sites\helder\dante\pt\inferno\inferno_8.html --> ftp125.locaweb.com.br /public_html/pt/inferno inferno_8.html
2003.12.22 08:47 B C:\Docs\sites\helder\dante\pt\inferno\inferno_9.html --> ftp125.locaweb.com.br /public_html/pt/inferno inferno_9.html
2003.12.22 08:47 B C:\Docs\sites\helder\dante\pt\inferno\intro.html --> ftp125.locaweb.com.br /public_html/pt/inferno intro.html
2003.12.22 08:47 B C:\Docs\sites\helder\dante\pt\inferno\mapa1.html --> ftp125.locaweb.com.br /public_html/pt/inferno mapa1.html
2003.12.22 08:47 B C:\Docs\sites\helder\dante\pt\inferno\mapa2.html --> ftp125.locaweb.com.br /public_html/pt/inferno mapa2.html
2003.12.22 08:47 B C:\Docs\sites\helder\dante\pt\inferno\mapa3.html --> ftp125.locaweb.com.br /public_html/pt/inferno mapa3.html
2003.12.22 08:47 B C:\Docs\sites\helder\dante\pt\inferno\mapa4.html --> ftp125.locaweb.com.br /public_html/pt/inferno mapa4.html
2003.12.22 08:47 B C:\Docs\sites\helder\dante\pt\inferno\mapa5.html --> ftp125.locaweb.com.br /public_html/pt/inferno mapa5.html
2003.12.22 08:47 B C:\Docs\sites\helder\dante\pt\inferno\mapa6.html --> ftp125.locaweb.com.br /public_html/pt/inferno mapa6.html
2003.12.22 08:47 B C:\Docs\sites\helder\dante\pt\inferno\mapa7.html --> ftp125.locaweb.com.br /public_html/pt/inferno mapa7.html
2003.12.22 08:47 B C:\Docs\sites\helder\dante\pt\inferno\marcar.gif --> ftp125.locaweb.com.br /public_html/pt/inferno marcar.gif
2003.12.22 08:47 B C:\Docs\sites\helder\dante\pt\inferno\marcar.html --> ftp125.locaweb.com.br /public_html/pt/inferno marcar.html
2003.12.22 08:47 B C:\Docs\sites\helder\dante\pt\inferno\navbar.html --> ftp125.locaweb.com.br /public_html/pt/inferno navbar.html
2003.12.22 08:47 B C:\Docs\sites\helder\dante\pt\inferno\navbar2.html --> ftp125.locaweb.com.br /public_html/pt/inferno navbar2.html
2003.12.22 08:47 B C:\Docs\sites\helder\dante\pt\inferno\navbar3.html --> ftp125.locaweb.com.br /public_html/pt/inferno navbar3.html
2003.12.22 08:47 B C:\Docs\sites\helder\dante\pt\inferno\navbar3_tv.html --> ftp125.locaweb.com.br /public_html/pt/inferno navbar3_tv.html
2003.12.22 08:47 B C:\Docs\sites\helder\dante\pt\inferno\navbar3f.html --> ftp125.locaweb.com.br /public_html/pt/inferno navbar3f.html
2003.12.22 08:47 B C:\Docs\sites\helder\dante\pt\inferno\navbar3f_th.html --> ftp125.locaweb.com.br /public_html/pt/inferno navbar3f_th.html
2003.12.22 08:47 B C:\Docs\sites\helder\dante\pt\inferno\navbar4.html --> ftp125.locaweb.com.br /public_html/pt/inferno navbar4.html
2003.12.22 08:47 B C:\Docs\sites\helder\dante\pt\inferno\navbar5.html --> ftp125.locaweb.com.br /public_html/pt/inferno navbar5.html
2003.12.22 08:47 B C:\Docs\sites\helder\dante\pt\inferno\navbar6.html --> ftp125.locaweb.com.br /public_html/pt/inferno navbar6.html
2003.12.22 08:47 B C:\Docs\sites\helder\dante\pt\inferno\notas.gif --> ftp125.locaweb.com.br /public_html/pt/inferno notas.gif
2003.12.22 08:47 B C:\Docs\sites\helder\dante\pt\inferno\notas_1.html --> ftp125.locaweb.com.br /public_html/pt/inferno notas_1.html
2003.12.22 08:47 B C:\Docs\sites\helder\dante\pt\inferno\notas_10.html --> ftp125.locaweb.com.br /public_html/pt/inferno notas_10.html
2003.12.22 08:47 B C:\Docs\sites\helder\dante\pt\inferno\notas_11.html --> ftp125.locaweb.com.br /public_html/pt/inferno notas_11.html
2003.12.22 08:47 B C:\Docs\sites\helder\dante\pt\inferno\notas_12.html --> ftp125.locaweb.com.br /public_html/pt/inferno notas_12.html
2003.12.22 08:47 B C:\Docs\sites\helder\dante\pt\inferno\notas_13.html --> ftp125.locaweb.com.br /public_html/pt/inferno notas_13.html
2003.12.22 08:47 B C:\Docs\sites\helder\dante\pt\inferno\notas_14.html --> ftp125.locaweb.com.br /public_html/pt/inferno notas_14.html
2003.12.22 08:47 B C:\Docs\sites\helder\dante\pt\inferno\notas_15.html --> ftp125.locaweb.com.br /public_html/pt/inferno notas_15.html
2003.12.22 08:47 B C:\Docs\sites\helder\dante\pt\inferno\notas_16.html --> ftp125.locaweb.com.br /public_html/pt/inferno notas_16.html
2003.12.22 08:47 B C:\Docs\sites\helder\dante\pt\inferno\notas_17.html --> ftp125.locaweb.com.br /public_html/pt/inferno notas_17.html
2003.12.22 08:47 B C:\Docs\sites\helder\dante\pt\inferno\notas_18.html --> ftp125.locaweb.com.br /public_html/pt/inferno notas_18.html
2003.12.22 08:47 B C:\Docs\sites\helder\dante\pt\inferno\notas_19.html --> ftp125.locaweb.com.br /public_html/pt/inferno notas_19.html
2003.12.22 08:47 B C:\Docs\sites\helder\dante\pt\inferno\notas_2.html --> ftp125.locaweb.com.br /public_html/pt/inferno notas_2.html
2003.12.22 08:47 B C:\Docs\sites\helder\dante\pt\inferno\notas_20.html --> ftp125.locaweb.com.br /public_html/pt/inferno notas_20.html
2003.12.22 08:47 B C:\Docs\sites\helder\dante\pt\inferno\notas_21.html --> ftp125.locaweb.com.br /public_html/pt/inferno notas_21.html
2003.12.22 08:47 B C:\Docs\sites\helder\dante\pt\inferno\notas_22.html --> ftp125.locaweb.com.br /public_html/pt/inferno notas_22.html
2003.12.22 08:47 B C:\Docs\sites\helder\dante\pt\inferno\notas_23.html --> ftp125.locaweb.com.br /public_html/pt/inferno notas_23.html
2003.12.22 08:47 B C:\Docs\sites\helder\dante\pt\inferno\notas_24.html --> ftp125.locaweb.com.br /public_html/pt/inferno notas_24.html
2003.12.22 08:47 B C:\Docs\sites\helder\dante\pt\inferno\notas_25.html --> ftp125.locaweb.com.br /public_html/pt/inferno notas_25.html
2003.12.22 08:47 B C:\Docs\sites\helder\dante\pt\inferno\notas_26.html --> ftp125.locaweb.com.br /public_html/pt/inferno notas_26.html
2003.12.22 08:47 B C:\Docs\sites\helder\dante\pt\inferno\notas_27.html --> ftp125.locaweb.com.br /public_html/pt/inferno notas_27.html
2003.12.22 08:47 B C:\Docs\sites\helder\dante\pt\inferno\notas_28.html --> ftp125.locaweb.com.br /public_html/pt/inferno notas_28.html
2003.12.22 08:47 B C:\Docs\sites\helder\dante\pt\inferno\notas_29.html --> ftp125.locaweb.com.br /public_html/pt/inferno notas_29.html
2003.12.22 08:47 B C:\Docs\sites\helder\dante\pt\inferno\notas_3.html --> ftp125.locaweb.com.br /public_html/pt/inferno notas_3.html
2003.12.22 08:47 B C:\Docs\sites\helder\dante\pt\inferno\notas_30.html --> ftp125.locaweb.com.br /public_html/pt/inferno notas_30.html
2003.12.22 08:47 B C:\Docs\sites\helder\dante\pt\inferno\notas_31.html --> ftp125.locaweb.com.br /public_html/pt/inferno notas_31.html
2003.12.22 08:47 B C:\Docs\sites\helder\dante\pt\inferno\notas_32.html --> ftp125.locaweb.com.br /public_html/pt/inferno notas_32.html
2003.12.22 08:47 B C:\Docs\sites\helder\dante\pt\inferno\notas_33.html --> ftp125.locaweb.com.br /public_html/pt/inferno notas_33.html
2003.12.22 08:47 B C:\Docs\sites\helder\dante\pt\inferno\notas_34.html --> ftp125.locaweb.com.br /public_html/pt/inferno notas_34.html
2003.12.22 08:47 B C:\Docs\sites\helder\dante\pt\inferno\notas_4.html --> ftp125.locaweb.com.br /public_html/pt/inferno notas_4.html
2003.12.22 08:47 B C:\Docs\sites\helder\dante\pt\inferno\notas_5.html --> ftp125.locaweb.com.br /public_html/pt/inferno notas_5.html
2003.12.22 08:47 B C:\Docs\sites\helder\dante\pt\inferno\notas_6.html --> ftp125.locaweb.com.br /public_html/pt/inferno notas_6.html
2003.12.22 08:47 B C:\Docs\sites\helder\dante\pt\inferno\notas_7.html --> ftp125.locaweb.com.br /public_html/pt/inferno notas_7.html
2003.12.22 08:47 B C:\Docs\sites\helder\dante\pt\inferno\notas_8.html --> ftp125.locaweb.com.br /public_html/pt/inferno notas_8.html
2003.12.22 08:47 B C:\Docs\sites\helder\dante\pt\inferno\notas_9.html --> ftp125.locaweb.com.br /public_html/pt/inferno notas_9.html
2003.12.22 08:47 B C:\Docs\sites\helder\dante\pt\inferno\pecados.html --> ftp125.locaweb.com.br /public_html/pt/inferno pecados.html
2003.12.22 08:47 B C:\Docs\sites\helder\dante\pt\inferno\poema.css --> ftp125.locaweb.com.br /public_html/pt/inferno poema.css
2003.12.22 08:47 B C:\Docs\sites\helder\dante\pt\inferno\poema.gif --> ftp125.locaweb.com.br /public_html/pt/inferno poema.gif
2003.12.22 08:47 B C:\Docs\sites\helder\dante\pt\inferno\portal.html --> ftp125.locaweb.com.br /public_html/pt/inferno portal.html
2003.12.22 08:47 B C:\Docs\sites\helder\dante\pt\inferno\prosa.gif --> ftp125.locaweb.com.br /public_html/pt/inferno prosa.gif
2003.12.22 08:47 B C:\Docs\sites\helder\dante\pt\inferno\prox.gif --> ftp125.locaweb.com.br /public_html/pt/inferno prox.gif
2003.12.22 08:47 B C:\Docs\sites\helder\dante\pt\inferno\rodin1.html --> ftp125.locaweb.com.br /public_html/pt/inferno rodin1.html
2003.12.22 08:47 B C:\Docs\sites\helder\dante\pt\inferno\rossetti1.html --> ftp125.locaweb.com.br /public_html/pt/inferno rossetti1.html
2003.12.22 08:47 B C:\Docs\sites\helder\dante\pt\inferno\vellutello.html --> ftp125.locaweb.com.br /public_html/pt/inferno vellutello.html
2003.12.22 08:47 B C:\Docs\sites\helder\dante\pt\inferno\viaemail.html --> ftp125.locaweb.com.br /public_html/pt/inferno viaemail.html
2003.12.22 08:47 B C:\Docs\sites\helder\dante\pt\inferno\viaemail.html~ --> ftp125.locaweb.com.br /public_html/pt/inferno viaemail.html~
2003.12.22 08:48 B C:\Docs\sites\helder\dante\pt\inferno\WS_FTP.LOG --> ftp125.locaweb.com.br /public_html/pt/inferno WS_FTP.LOG
