2003.08.15 19:53 B C:\Docs\sites\helder\dante\imagens\thumb\barranco.gif --> ftp89.locaweb.com.br /public_html/helder/dante/imagens/thumb barranco.gif
2003.08.15 19:53 B C:\Docs\sites\helder\dante\imagens\thumb\bartolomeo_map.gif --> ftp89.locaweb.com.br /public_html/helder/dante/imagens/thumb bartolomeo_map.gif
2003.08.15 19:53 B C:\Docs\sites\helder\dante\imagens\thumb\blake1.gif --> ftp89.locaweb.com.br /public_html/helder/dante/imagens/thumb blake1.gif
2003.08.15 19:53 B C:\Docs\sites\helder\dante\imagens\thumb\blake2.gif --> ftp89.locaweb.com.br /public_html/helder/dante/imagens/thumb blake2.gif
2003.08.15 19:53 B C:\Docs\sites\helder\dante\imagens\thumb\botticelli_dante.gif --> ftp89.locaweb.com.br /public_html/helder/dante/imagens/thumb botticelli_dante.gif
2003.08.15 19:53 B C:\Docs\sites\helder\dante\imagens\thumb\botticelli_map.gif --> ftp89.locaweb.com.br /public_html/helder/dante/imagens/thumb botticelli_map.gif
2003.08.15 19:53 B C:\Docs\sites\helder\dante\imagens\thumb\c2.gif --> ftp89.locaweb.com.br /public_html/helder/dante/imagens/thumb c2.gif
2003.08.15 19:53 B C:\Docs\sites\helder\dante\imagens\thumb\c5.gif --> ftp89.locaweb.com.br /public_html/helder/dante/imagens/thumb c5.gif
2003.08.15 19:53 B C:\Docs\sites\helder\dante\imagens\thumb\c6.gif --> ftp89.locaweb.com.br /public_html/helder/dante/imagens/thumb c6.gif
2003.08.15 19:53 B C:\Docs\sites\helder\dante\imagens\thumb\c7_areao.gif --> ftp89.locaweb.com.br /public_html/helder/dante/imagens/thumb c7_areao.gif
2003.08.15 19:53 B C:\Docs\sites\helder\dante\imagens\thumb\c7_flegetonte.gif --> ftp89.locaweb.com.br /public_html/helder/dante/imagens/thumb c7_flegetonte.gif
2003.08.15 19:53 B C:\Docs\sites\helder\dante\imagens\thumb\c7_floresta.gif --> ftp89.locaweb.com.br /public_html/helder/dante/imagens/thumb c7_floresta.gif
2003.08.15 19:53 B C:\Docs\sites\helder\dante\imagens\thumb\c8_1.gif --> ftp89.locaweb.com.br /public_html/helder/dante/imagens/thumb c8_1.gif
2003.08.15 19:53 B C:\Docs\sites\helder\dante\imagens\thumb\c8_2.gif --> ftp89.locaweb.com.br /public_html/helder/dante/imagens/thumb c8_2.gif
2003.08.15 19:53 B C:\Docs\sites\helder\dante\imagens\thumb\c8_5.gif --> ftp89.locaweb.com.br /public_html/helder/dante/imagens/thumb c8_5.gif
2003.08.15 19:53 B C:\Docs\sites\helder\dante\imagens\thumb\c8_6.gif --> ftp89.locaweb.com.br /public_html/helder/dante/imagens/thumb c8_6.gif
2003.08.15 19:53 B C:\Docs\sites\helder\dante\imagens\thumb\c8_7.gif --> ftp89.locaweb.com.br /public_html/helder/dante/imagens/thumb c8_7.gif
2003.08.15 19:53 B C:\Docs\sites\helder\dante\imagens\thumb\c8_8.gif --> ftp89.locaweb.com.br /public_html/helder/dante/imagens/thumb c8_8.gif
2003.08.15 19:53 B C:\Docs\sites\helder\dante\imagens\thumb\c8_9.gif --> ftp89.locaweb.com.br /public_html/helder/dante/imagens/thumb c8_9.gif
2003.08.15 19:53 B C:\Docs\sites\helder\dante\imagens\thumb\c9_antenora.gif --> ftp89.locaweb.com.br /public_html/helder/dante/imagens/thumb c9_antenora.gif
2003.08.15 19:53 B C:\Docs\sites\helder\dante\imagens\thumb\c9_caina.gif --> ftp89.locaweb.com.br /public_html/helder/dante/imagens/thumb c9_caina.gif
2003.08.15 19:53 B C:\Docs\sites\helder\dante\imagens\thumb\cocito.gif --> ftp89.locaweb.com.br /public_html/helder/dante/imagens/thumb cocito.gif
2003.08.15 19:53 B C:\Docs\sites\helder\dante\imagens\thumb\Dante.gif --> ftp89.locaweb.com.br /public_html/helder/dante/imagens/thumb Dante.gif
2003.08.15 19:53 B C:\Docs\sites\helder\dante\imagens\thumb\dante_exile.gif --> ftp89.locaweb.com.br /public_html/helder/dante/imagens/thumb dante_exile.gif
2003.08.15 19:53 B C:\Docs\sites\helder\dante\imagens\thumb\delacroix_c5.gif --> ftp89.locaweb.com.br /public_html/helder/dante/imagens/thumb delacroix_c5.gif
2003.08.15 19:53 B C:\Docs\sites\helder\dante\imagens\thumb\dite.gif --> ftp89.locaweb.com.br /public_html/helder/dante/imagens/thumb dite.gif
2003.08.15 19:53 B C:\Docs\sites\helder\dante\imagens\thumb\domenico.gif --> ftp89.locaweb.com.br /public_html/helder/dante/imagens/thumb domenico.gif
2003.08.15 19:53 B C:\Docs\sites\helder\dante\imagens\thumb\feuerbach_c2.gif --> ftp89.locaweb.com.br /public_html/helder/dante/imagens/thumb feuerbach_c2.gif
2003.08.15 19:53 B C:\Docs\sites\helder\dante\imagens\thumb\floresta.gif --> ftp89.locaweb.com.br /public_html/helder/dante/imagens/thumb floresta.gif
2003.08.15 19:53 B C:\Docs\sites\helder\dante\imagens\thumb\gerion.gif --> ftp89.locaweb.com.br /public_html/helder/dante/imagens/thumb gerion.gif
2003.08.15 19:53 B C:\Docs\sites\helder\dante\imagens\thumb\inferno_persp.gif --> ftp89.locaweb.com.br /public_html/helder/dante/imagens/thumb inferno_persp.gif
2003.08.15 19:53 B C:\Docs\sites\helder\dante\imagens\thumb\infernosup.gif --> ftp89.locaweb.com.br /public_html/helder/dante/imagens/thumb infernosup.gif
2003.08.15 19:53 B C:\Docs\sites\helder\dante\imagens\thumb\limbo.gif --> ftp89.locaweb.com.br /public_html/helder/dante/imagens/thumb limbo.gif
2003.08.15 19:53 B C:\Docs\sites\helder\dante\imagens\thumb\lucifer.gif --> ftp89.locaweb.com.br /public_html/helder/dante/imagens/thumb lucifer.gif
2003.08.15 19:53 B C:\Docs\sites\helder\dante\imagens\thumb\malebolge.gif --> ftp89.locaweb.com.br /public_html/helder/dante/imagens/thumb malebolge.gif
2003.08.15 19:53 B C:\Docs\sites\helder\dante\imagens\thumb\michelangelo1.gif --> ftp89.locaweb.com.br /public_html/helder/dante/imagens/thumb michelangelo1.gif
2003.08.15 19:53 B C:\Docs\sites\helder\dante\imagens\thumb\p_avareza.gif --> ftp89.locaweb.com.br /public_html/helder/dante/imagens/thumb p_avareza.gif
2003.08.15 19:53 B C:\Docs\sites\helder\dante\imagens\thumb\p_barqueiro.gif --> ftp89.locaweb.com.br /public_html/helder/dante/imagens/thumb p_barqueiro.gif
2003.08.15 19:53 B C:\Docs\sites\helder\dante\imagens\thumb\p_cato.gif --> ftp89.locaweb.com.br /public_html/helder/dante/imagens/thumb p_cato.gif
2003.08.15 19:53 B C:\Docs\sites\helder\dante\imagens\thumb\p_eunoe.gif --> ftp89.locaweb.com.br /public_html/helder/dante/imagens/thumb p_eunoe.gif
2003.08.15 19:53 B C:\Docs\sites\helder\dante\imagens\thumb\p_gula.gif --> ftp89.locaweb.com.br /public_html/helder/dante/imagens/thumb p_gula.gif
2003.08.15 19:53 B C:\Docs\sites\helder\dante\imagens\thumb\p_inveja.gif --> ftp89.locaweb.com.br /public_html/helder/dante/imagens/thumb p_inveja.gif
2003.08.15 19:53 B C:\Docs\sites\helder\dante\imagens\thumb\p_ira.gif --> ftp89.locaweb.com.br /public_html/helder/dante/imagens/thumb p_ira.gif
2003.08.15 19:53 B C:\Docs\sites\helder\dante\imagens\thumb\p_lideres.gif --> ftp89.locaweb.com.br /public_html/helder/dante/imagens/thumb p_lideres.gif
2003.08.15 19:53 B C:\Docs\sites\helder\dante\imagens\thumb\p_luxuria.gif --> ftp89.locaweb.com.br /public_html/helder/dante/imagens/thumb p_luxuria.gif
2003.08.15 19:53 B C:\Docs\sites\helder\dante\imagens\thumb\p_orgulho.gif --> ftp89.locaweb.com.br /public_html/helder/dante/imagens/thumb p_orgulho.gif
2003.08.15 19:53 B C:\Docs\sites\helder\dante\imagens\thumb\p_paraiso.gif --> ftp89.locaweb.com.br /public_html/helder/dante/imagens/thumb p_paraiso.gif
2003.08.15 19:53 B C:\Docs\sites\helder\dante\imagens\thumb\p_portao.gif --> ftp89.locaweb.com.br /public_html/helder/dante/imagens/thumb p_portao.gif
2003.08.15 19:53 B C:\Docs\sites\helder\dante\imagens\thumb\p_preguica.gif --> ftp89.locaweb.com.br /public_html/helder/dante/imagens/thumb p_preguica.gif
2003.08.15 19:53 B C:\Docs\sites\helder\dante\imagens\thumb\p_principes.gif --> ftp89.locaweb.com.br /public_html/helder/dante/imagens/thumb p_principes.gif
2003.08.15 19:53 B C:\Docs\sites\helder\dante\imagens\thumb\p_procissao.gif --> ftp89.locaweb.com.br /public_html/helder/dante/imagens/thumb p_procissao.gif
2003.08.15 19:53 B C:\Docs\sites\helder\dante\imagens\thumb\p_prostituta.gif --> ftp89.locaweb.com.br /public_html/helder/dante/imagens/thumb p_prostituta.gif
2003.08.15 19:53 B C:\Docs\sites\helder\dante\imagens\thumb\p_sonhoaquila.gif --> ftp89.locaweb.com.br /public_html/helder/dante/imagens/thumb p_sonhoaquila.gif
2003.08.15 19:53 B C:\Docs\sites\helder\dante\imagens\thumb\portal.gif --> ftp89.locaweb.com.br /public_html/helder/dante/imagens/thumb portal.gif
2003.08.15 19:53 B C:\Docs\sites\helder\dante\imagens\thumb\purgatorio_persp.gif --> ftp89.locaweb.com.br /public_html/helder/dante/imagens/thumb purgatorio_persp.gif
2003.08.15 19:53 B C:\Docs\sites\helder\dante\imagens\thumb\purgclock.gif --> ftp89.locaweb.com.br /public_html/helder/dante/imagens/thumb purgclock.gif
2003.08.15 19:53 B C:\Docs\sites\helder\dante\imagens\thumb\rodin.gif --> ftp89.locaweb.com.br /public_html/helder/dante/imagens/thumb rodin.gif
2003.08.15 19:53 B C:\Docs\sites\helder\dante\imagens\thumb\rossetti_c2.gif --> ftp89.locaweb.com.br /public_html/helder/dante/imagens/thumb rossetti_c2.gif
2003.08.15 19:53 B C:\Docs\sites\helder\dante\imagens\thumb\signorelli_dante.gif --> ftp89.locaweb.com.br /public_html/helder/dante/imagens/thumb signorelli_dante.gif
2003.08.15 19:53 B C:\Docs\sites\helder\dante\imagens\thumb\terra.gif --> ftp89.locaweb.com.br /public_html/helder/dante/imagens/thumb terra.gif
2003.12.22 08:37 B C:\Docs\sites\helder\dante\imagens\thumb\barranco.gif --> ftp125.locaweb.com.br /public_html/imagens/thumb barranco.gif
2003.12.22 08:37 B C:\Docs\sites\helder\dante\imagens\thumb\bartolomeo_map.gif --> ftp125.locaweb.com.br /public_html/imagens/thumb bartolomeo_map.gif
2003.12.22 08:37 B C:\Docs\sites\helder\dante\imagens\thumb\blake1.gif --> ftp125.locaweb.com.br /public_html/imagens/thumb blake1.gif
2003.12.22 08:37 B C:\Docs\sites\helder\dante\imagens\thumb\blake2.gif --> ftp125.locaweb.com.br /public_html/imagens/thumb blake2.gif
2003.12.22 08:37 B C:\Docs\sites\helder\dante\imagens\thumb\botticelli_dante.gif --> ftp125.locaweb.com.br /public_html/imagens/thumb botticelli_dante.gif
2003.12.22 08:37 B C:\Docs\sites\helder\dante\imagens\thumb\botticelli_map.gif --> ftp125.locaweb.com.br /public_html/imagens/thumb botticelli_map.gif
2003.12.22 08:37 B C:\Docs\sites\helder\dante\imagens\thumb\c2.gif --> ftp125.locaweb.com.br /public_html/imagens/thumb c2.gif
2003.12.22 08:37 B C:\Docs\sites\helder\dante\imagens\thumb\c5.gif --> ftp125.locaweb.com.br /public_html/imagens/thumb c5.gif
2003.12.22 08:37 B C:\Docs\sites\helder\dante\imagens\thumb\c6.gif --> ftp125.locaweb.com.br /public_html/imagens/thumb c6.gif
2003.12.22 08:37 B C:\Docs\sites\helder\dante\imagens\thumb\c7_areao.gif --> ftp125.locaweb.com.br /public_html/imagens/thumb c7_areao.gif
2003.12.22 08:37 B C:\Docs\sites\helder\dante\imagens\thumb\c7_flegetonte.gif --> ftp125.locaweb.com.br /public_html/imagens/thumb c7_flegetonte.gif
2003.12.22 08:37 B C:\Docs\sites\helder\dante\imagens\thumb\c7_floresta.gif --> ftp125.locaweb.com.br /public_html/imagens/thumb c7_floresta.gif
2003.12.22 08:37 B C:\Docs\sites\helder\dante\imagens\thumb\c8_1.gif --> ftp125.locaweb.com.br /public_html/imagens/thumb c8_1.gif
2003.12.22 08:37 B C:\Docs\sites\helder\dante\imagens\thumb\c8_2.gif --> ftp125.locaweb.com.br /public_html/imagens/thumb c8_2.gif
2003.12.22 08:37 B C:\Docs\sites\helder\dante\imagens\thumb\c8_5.gif --> ftp125.locaweb.com.br /public_html/imagens/thumb c8_5.gif
2003.12.22 08:37 B C:\Docs\sites\helder\dante\imagens\thumb\c8_6.gif --> ftp125.locaweb.com.br /public_html/imagens/thumb c8_6.gif
2003.12.22 08:37 B C:\Docs\sites\helder\dante\imagens\thumb\c8_7.gif --> ftp125.locaweb.com.br /public_html/imagens/thumb c8_7.gif
2003.12.22 08:37 B C:\Docs\sites\helder\dante\imagens\thumb\c8_8.gif --> ftp125.locaweb.com.br /public_html/imagens/thumb c8_8.gif
2003.12.22 08:37 B C:\Docs\sites\helder\dante\imagens\thumb\c8_9.gif --> ftp125.locaweb.com.br /public_html/imagens/thumb c8_9.gif
2003.12.22 08:37 B C:\Docs\sites\helder\dante\imagens\thumb\c9_antenora.gif --> ftp125.locaweb.com.br /public_html/imagens/thumb c9_antenora.gif
2003.12.22 08:37 B C:\Docs\sites\helder\dante\imagens\thumb\c9_caina.gif --> ftp125.locaweb.com.br /public_html/imagens/thumb c9_caina.gif
2003.12.22 08:37 B C:\Docs\sites\helder\dante\imagens\thumb\cocito.gif --> ftp125.locaweb.com.br /public_html/imagens/thumb cocito.gif
2003.12.22 08:37 B C:\Docs\sites\helder\dante\imagens\thumb\Dante.gif --> ftp125.locaweb.com.br /public_html/imagens/thumb Dante.gif
2003.12.22 08:37 B C:\Docs\sites\helder\dante\imagens\thumb\dante_exile.gif --> ftp125.locaweb.com.br /public_html/imagens/thumb dante_exile.gif
2003.12.22 08:37 B C:\Docs\sites\helder\dante\imagens\thumb\delacroix_c5.gif --> ftp125.locaweb.com.br /public_html/imagens/thumb delacroix_c5.gif
2003.12.22 08:37 B C:\Docs\sites\helder\dante\imagens\thumb\dite.gif --> ftp125.locaweb.com.br /public_html/imagens/thumb dite.gif
2003.12.22 08:37 B C:\Docs\sites\helder\dante\imagens\thumb\domenico.gif --> ftp125.locaweb.com.br /public_html/imagens/thumb domenico.gif
2003.12.22 08:37 B C:\Docs\sites\helder\dante\imagens\thumb\feuerbach_c2.gif --> ftp125.locaweb.com.br /public_html/imagens/thumb feuerbach_c2.gif
2003.12.22 08:37 B C:\Docs\sites\helder\dante\imagens\thumb\floresta.gif --> ftp125.locaweb.com.br /public_html/imagens/thumb floresta.gif
2003.12.22 08:37 B C:\Docs\sites\helder\dante\imagens\thumb\gerion.gif --> ftp125.locaweb.com.br /public_html/imagens/thumb gerion.gif
2003.12.22 08:37 B C:\Docs\sites\helder\dante\imagens\thumb\inferno_persp.gif --> ftp125.locaweb.com.br /public_html/imagens/thumb inferno_persp.gif
2003.12.22 08:37 B C:\Docs\sites\helder\dante\imagens\thumb\infernosup.gif --> ftp125.locaweb.com.br /public_html/imagens/thumb infernosup.gif
2003.12.22 08:37 B C:\Docs\sites\helder\dante\imagens\thumb\limbo.gif --> ftp125.locaweb.com.br /public_html/imagens/thumb limbo.gif
2003.12.22 08:37 B C:\Docs\sites\helder\dante\imagens\thumb\lucifer.gif --> ftp125.locaweb.com.br /public_html/imagens/thumb lucifer.gif
2003.12.22 08:37 B C:\Docs\sites\helder\dante\imagens\thumb\malebolge.gif --> ftp125.locaweb.com.br /public_html/imagens/thumb malebolge.gif
2003.12.22 08:37 B C:\Docs\sites\helder\dante\imagens\thumb\michelangelo1.gif --> ftp125.locaweb.com.br /public_html/imagens/thumb michelangelo1.gif
2003.12.22 08:37 B C:\Docs\sites\helder\dante\imagens\thumb\p_avareza.gif --> ftp125.locaweb.com.br /public_html/imagens/thumb p_avareza.gif
2003.12.22 08:37 B C:\Docs\sites\helder\dante\imagens\thumb\p_barqueiro.gif --> ftp125.locaweb.com.br /public_html/imagens/thumb p_barqueiro.gif
2003.12.22 08:37 B C:\Docs\sites\helder\dante\imagens\thumb\p_cato.gif --> ftp125.locaweb.com.br /public_html/imagens/thumb p_cato.gif
2003.12.22 08:37 B C:\Docs\sites\helder\dante\imagens\thumb\p_eunoe.gif --> ftp125.locaweb.com.br /public_html/imagens/thumb p_eunoe.gif
2003.12.22 08:37 B C:\Docs\sites\helder\dante\imagens\thumb\p_gula.gif --> ftp125.locaweb.com.br /public_html/imagens/thumb p_gula.gif
2003.12.22 08:37 B C:\Docs\sites\helder\dante\imagens\thumb\p_inveja.gif --> ftp125.locaweb.com.br /public_html/imagens/thumb p_inveja.gif
2003.12.22 08:37 B C:\Docs\sites\helder\dante\imagens\thumb\p_ira.gif --> ftp125.locaweb.com.br /public_html/imagens/thumb p_ira.gif
2003.12.22 08:37 B C:\Docs\sites\helder\dante\imagens\thumb\p_lideres.gif --> ftp125.locaweb.com.br /public_html/imagens/thumb p_lideres.gif
2003.12.22 08:37 B C:\Docs\sites\helder\dante\imagens\thumb\p_luxuria.gif --> ftp125.locaweb.com.br /public_html/imagens/thumb p_luxuria.gif
2003.12.22 08:37 B C:\Docs\sites\helder\dante\imagens\thumb\p_orgulho.gif --> ftp125.locaweb.com.br /public_html/imagens/thumb p_orgulho.gif
2003.12.22 08:37 B C:\Docs\sites\helder\dante\imagens\thumb\p_paraiso.gif --> ftp125.locaweb.com.br /public_html/imagens/thumb p_paraiso.gif
2003.12.22 08:37 B C:\Docs\sites\helder\dante\imagens\thumb\p_portao.gif --> ftp125.locaweb.com.br /public_html/imagens/thumb p_portao.gif
2003.12.22 08:37 B C:\Docs\sites\helder\dante\imagens\thumb\p_preguica.gif --> ftp125.locaweb.com.br /public_html/imagens/thumb p_preguica.gif
2003.12.22 08:37 B C:\Docs\sites\helder\dante\imagens\thumb\p_principes.gif --> ftp125.locaweb.com.br /public_html/imagens/thumb p_principes.gif
2003.12.22 08:37 B C:\Docs\sites\helder\dante\imagens\thumb\p_procissao.gif --> ftp125.locaweb.com.br /public_html/imagens/thumb p_procissao.gif
2003.12.22 08:37 B C:\Docs\sites\helder\dante\imagens\thumb\p_prostituta.gif --> ftp125.locaweb.com.br /public_html/imagens/thumb p_prostituta.gif
2003.12.22 08:37 B C:\Docs\sites\helder\dante\imagens\thumb\p_sonhoaquila.gif --> ftp125.locaweb.com.br /public_html/imagens/thumb p_sonhoaquila.gif
2003.12.22 08:37 B C:\Docs\sites\helder\dante\imagens\thumb\portal.gif --> ftp125.locaweb.com.br /public_html/imagens/thumb portal.gif
2003.12.22 08:37 B C:\Docs\sites\helder\dante\imagens\thumb\purgatorio_persp.gif --> ftp125.locaweb.com.br /public_html/imagens/thumb purgatorio_persp.gif
2003.12.22 08:37 B C:\Docs\sites\helder\dante\imagens\thumb\purgclock.gif --> ftp125.locaweb.com.br /public_html/imagens/thumb purgclock.gif
2003.12.22 08:37 B C:\Docs\sites\helder\dante\imagens\thumb\rodin.gif --> ftp125.locaweb.com.br /public_html/imagens/thumb rodin.gif
2003.12.22 08:37 B C:\Docs\sites\helder\dante\imagens\thumb\rossetti_c2.gif --> ftp125.locaweb.com.br /public_html/imagens/thumb rossetti_c2.gif
2003.12.22 08:37 B C:\Docs\sites\helder\dante\imagens\thumb\signorelli_dante.gif --> ftp125.locaweb.com.br /public_html/imagens/thumb signorelli_dante.gif
2003.12.22 08:37 B C:\Docs\sites\helder\dante\imagens\thumb\terra.gif --> ftp125.locaweb.com.br /public_html/imagens/thumb terra.gif
