2003.08.15 20:06 B C:\Docs\sites\helder\dante\pt\purgatorio\ant.gif --> ftp89.locaweb.com.br /public_html/helder/dante/pt/purgatorio ant.gif
2003.08.15 20:06 B C:\Docs\sites\helder\dante\pt\purgatorio\bookmark.gif --> ftp89.locaweb.com.br /public_html/helder/dante/pt/purgatorio bookmark.gif
2003.08.15 20:06 B C:\Docs\sites\helder\dante\pt\purgatorio\canto_1.html --> ftp89.locaweb.com.br /public_html/helder/dante/pt/purgatorio canto_1.html
2003.08.15 20:06 B C:\Docs\sites\helder\dante\pt\purgatorio\canto_10.html --> ftp89.locaweb.com.br /public_html/helder/dante/pt/purgatorio canto_10.html
2003.08.15 20:06 B C:\Docs\sites\helder\dante\pt\purgatorio\canto_11.html --> ftp89.locaweb.com.br /public_html/helder/dante/pt/purgatorio canto_11.html
2003.08.15 20:06 B C:\Docs\sites\helder\dante\pt\purgatorio\canto_12.html --> ftp89.locaweb.com.br /public_html/helder/dante/pt/purgatorio canto_12.html
2003.08.15 20:06 B C:\Docs\sites\helder\dante\pt\purgatorio\canto_13.html --> ftp89.locaweb.com.br /public_html/helder/dante/pt/purgatorio canto_13.html
2003.08.15 20:07 B C:\Docs\sites\helder\dante\pt\purgatorio\canto_14.html --> ftp89.locaweb.com.br /public_html/helder/dante/pt/purgatorio canto_14.html
2003.08.15 20:07 B C:\Docs\sites\helder\dante\pt\purgatorio\canto_15.html --> ftp89.locaweb.com.br /public_html/helder/dante/pt/purgatorio canto_15.html
2003.08.15 20:07 B C:\Docs\sites\helder\dante\pt\purgatorio\canto_16.html --> ftp89.locaweb.com.br /public_html/helder/dante/pt/purgatorio canto_16.html
2003.08.15 20:07 B C:\Docs\sites\helder\dante\pt\purgatorio\canto_17.html --> ftp89.locaweb.com.br /public_html/helder/dante/pt/purgatorio canto_17.html
2003.08.15 20:07 B C:\Docs\sites\helder\dante\pt\purgatorio\canto_18.html --> ftp89.locaweb.com.br /public_html/helder/dante/pt/purgatorio canto_18.html
2003.08.15 20:07 B C:\Docs\sites\helder\dante\pt\purgatorio\canto_19.html --> ftp89.locaweb.com.br /public_html/helder/dante/pt/purgatorio canto_19.html
2003.08.15 20:07 B C:\Docs\sites\helder\dante\pt\purgatorio\canto_2.html --> ftp89.locaweb.com.br /public_html/helder/dante/pt/purgatorio canto_2.html
2003.08.15 20:07 B C:\Docs\sites\helder\dante\pt\purgatorio\canto_20.html --> ftp89.locaweb.com.br /public_html/helder/dante/pt/purgatorio canto_20.html
2003.08.15 20:07 B C:\Docs\sites\helder\dante\pt\purgatorio\canto_21.html --> ftp89.locaweb.com.br /public_html/helder/dante/pt/purgatorio canto_21.html
2003.08.15 20:07 B C:\Docs\sites\helder\dante\pt\purgatorio\canto_22.html --> ftp89.locaweb.com.br /public_html/helder/dante/pt/purgatorio canto_22.html
2003.08.15 20:07 B C:\Docs\sites\helder\dante\pt\purgatorio\canto_23.html --> ftp89.locaweb.com.br /public_html/helder/dante/pt/purgatorio canto_23.html
2003.08.15 20:07 B C:\Docs\sites\helder\dante\pt\purgatorio\canto_24.html --> ftp89.locaweb.com.br /public_html/helder/dante/pt/purgatorio canto_24.html
2003.08.15 20:07 B C:\Docs\sites\helder\dante\pt\purgatorio\canto_25.html --> ftp89.locaweb.com.br /public_html/helder/dante/pt/purgatorio canto_25.html
2003.08.15 20:07 B C:\Docs\sites\helder\dante\pt\purgatorio\canto_26.html --> ftp89.locaweb.com.br /public_html/helder/dante/pt/purgatorio canto_26.html
2003.08.15 20:07 B C:\Docs\sites\helder\dante\pt\purgatorio\canto_27.html --> ftp89.locaweb.com.br /public_html/helder/dante/pt/purgatorio canto_27.html
2003.08.15 20:07 B C:\Docs\sites\helder\dante\pt\purgatorio\canto_28.html --> ftp89.locaweb.com.br /public_html/helder/dante/pt/purgatorio canto_28.html
2003.08.15 20:07 B C:\Docs\sites\helder\dante\pt\purgatorio\canto_29.html --> ftp89.locaweb.com.br /public_html/helder/dante/pt/purgatorio canto_29.html
2003.08.15 20:07 B C:\Docs\sites\helder\dante\pt\purgatorio\canto_3.html --> ftp89.locaweb.com.br /public_html/helder/dante/pt/purgatorio canto_3.html
2003.08.15 20:07 B C:\Docs\sites\helder\dante\pt\purgatorio\canto_30.html --> ftp89.locaweb.com.br /public_html/helder/dante/pt/purgatorio canto_30.html
2003.08.15 20:07 B C:\Docs\sites\helder\dante\pt\purgatorio\canto_31.html --> ftp89.locaweb.com.br /public_html/helder/dante/pt/purgatorio canto_31.html
2003.08.15 20:07 B C:\Docs\sites\helder\dante\pt\purgatorio\canto_32.html --> ftp89.locaweb.com.br /public_html/helder/dante/pt/purgatorio canto_32.html
2003.08.15 20:07 B C:\Docs\sites\helder\dante\pt\purgatorio\canto_33.html --> ftp89.locaweb.com.br /public_html/helder/dante/pt/purgatorio canto_33.html
2003.08.15 20:07 B C:\Docs\sites\helder\dante\pt\purgatorio\canto_4.html --> ftp89.locaweb.com.br /public_html/helder/dante/pt/purgatorio canto_4.html
2003.08.15 20:07 B C:\Docs\sites\helder\dante\pt\purgatorio\canto_5.html --> ftp89.locaweb.com.br /public_html/helder/dante/pt/purgatorio canto_5.html
2003.08.15 20:07 B C:\Docs\sites\helder\dante\pt\purgatorio\canto_6.html --> ftp89.locaweb.com.br /public_html/helder/dante/pt/purgatorio canto_6.html
2003.08.15 20:07 B C:\Docs\sites\helder\dante\pt\purgatorio\canto_7.html --> ftp89.locaweb.com.br /public_html/helder/dante/pt/purgatorio canto_7.html
2003.08.15 20:07 B C:\Docs\sites\helder\dante\pt\purgatorio\canto_8.html --> ftp89.locaweb.com.br /public_html/helder/dante/pt/purgatorio canto_8.html
2003.08.15 20:07 B C:\Docs\sites\helder\dante\pt\purgatorio\canto_9.html --> ftp89.locaweb.com.br /public_html/helder/dante/pt/purgatorio canto_9.html
2003.08.15 20:07 B C:\Docs\sites\helder\dante\pt\purgatorio\cantos.css --> ftp89.locaweb.com.br /public_html/helder/dante/pt/purgatorio cantos.css
2003.08.15 20:07 B C:\Docs\sites\helder\dante\pt\purgatorio\cantos.css.backup --> ftp89.locaweb.com.br /public_html/helder/dante/pt/purgatorio cantos.css.backup
2003.08.15 20:07 B C:\Docs\sites\helder\dante\pt\purgatorio\cantos.html --> ftp89.locaweb.com.br /public_html/helder/dante/pt/purgatorio cantos.html
2003.08.15 20:07 B C:\Docs\sites\helder\dante\pt\purgatorio\cantos_orig.html --> ftp89.locaweb.com.br /public_html/helder/dante/pt/purgatorio cantos_orig.html
2003.08.15 20:07 B C:\Docs\sites\helder\dante\pt\purgatorio\dore17.html --> ftp89.locaweb.com.br /public_html/helder/dante/pt/purgatorio dore17.html
2003.08.15 20:07 B C:\Docs\sites\helder\dante\pt\purgatorio\dore18.html --> ftp89.locaweb.com.br /public_html/helder/dante/pt/purgatorio dore18.html
2003.08.15 20:07 B C:\Docs\sites\helder\dante\pt\purgatorio\dore19.html --> ftp89.locaweb.com.br /public_html/helder/dante/pt/purgatorio dore19.html
2003.08.15 20:07 B C:\Docs\sites\helder\dante\pt\purgatorio\dore20.html --> ftp89.locaweb.com.br /public_html/helder/dante/pt/purgatorio dore20.html
2003.08.15 20:07 B C:\Docs\sites\helder\dante\pt\purgatorio\dore21.html --> ftp89.locaweb.com.br /public_html/helder/dante/pt/purgatorio dore21.html
2003.08.15 20:07 B C:\Docs\sites\helder\dante\pt\purgatorio\dore22.html --> ftp89.locaweb.com.br /public_html/helder/dante/pt/purgatorio dore22.html
2003.08.15 20:07 B C:\Docs\sites\helder\dante\pt\purgatorio\dore23.html --> ftp89.locaweb.com.br /public_html/helder/dante/pt/purgatorio dore23.html
2003.08.15 20:07 B C:\Docs\sites\helder\dante\pt\purgatorio\dore24.html --> ftp89.locaweb.com.br /public_html/helder/dante/pt/purgatorio dore24.html
2003.08.15 20:07 B C:\Docs\sites\helder\dante\pt\purgatorio\dore25.html --> ftp89.locaweb.com.br /public_html/helder/dante/pt/purgatorio dore25.html
2003.08.15 20:07 B C:\Docs\sites\helder\dante\pt\purgatorio\dore26.html --> ftp89.locaweb.com.br /public_html/helder/dante/pt/purgatorio dore26.html
2003.08.15 20:07 B C:\Docs\sites\helder\dante\pt\purgatorio\dore27.html --> ftp89.locaweb.com.br /public_html/helder/dante/pt/purgatorio dore27.html
2003.08.15 20:07 B C:\Docs\sites\helder\dante\pt\purgatorio\dore28.html --> ftp89.locaweb.com.br /public_html/helder/dante/pt/purgatorio dore28.html
2003.08.15 20:07 B C:\Docs\sites\helder\dante\pt\purgatorio\dore29.html --> ftp89.locaweb.com.br /public_html/helder/dante/pt/purgatorio dore29.html
2003.08.15 20:07 B C:\Docs\sites\helder\dante\pt\purgatorio\dore30.html --> ftp89.locaweb.com.br /public_html/helder/dante/pt/purgatorio dore30.html
2003.08.15 20:07 B C:\Docs\sites\helder\dante\pt\purgatorio\dore31.html --> ftp89.locaweb.com.br /public_html/helder/dante/pt/purgatorio dore31.html
2003.08.15 20:07 B C:\Docs\sites\helder\dante\pt\purgatorio\dore32.html --> ftp89.locaweb.com.br /public_html/helder/dante/pt/purgatorio dore32.html
2003.08.15 20:07 B C:\Docs\sites\helder\dante\pt\purgatorio\dore33.html --> ftp89.locaweb.com.br /public_html/helder/dante/pt/purgatorio dore33.html
2003.08.15 20:07 B C:\Docs\sites\helder\dante\pt\purgatorio\email.gif --> ftp89.locaweb.com.br /public_html/helder/dante/pt/purgatorio email.gif
2003.08.15 20:07 B C:\Docs\sites\helder\dante\pt\purgatorio\estrutura.html --> ftp89.locaweb.com.br /public_html/helder/dante/pt/purgatorio estrutura.html
2003.08.15 20:07 B C:\Docs\sites\helder\dante\pt\purgatorio\glossario.html --> ftp89.locaweb.com.br /public_html/helder/dante/pt/purgatorio glossario.html
2003.08.15 20:07 B C:\Docs\sites\helder\dante\pt\purgatorio\hs~dore33.html --> ftp89.locaweb.com.br /public_html/helder/dante/pt/purgatorio hs~dore33.html
2003.08.15 20:07 B C:\Docs\sites\helder\dante\pt\purgatorio\imagens.html --> ftp89.locaweb.com.br /public_html/helder/dante/pt/purgatorio imagens.html
2003.08.15 20:07 B C:\Docs\sites\helder\dante\pt\purgatorio\index.html --> ftp89.locaweb.com.br /public_html/helder/dante/pt/purgatorio index.html
2003.08.15 20:07 B C:\Docs\sites\helder\dante\pt\purgatorio\index.html.backup --> ftp89.locaweb.com.br /public_html/helder/dante/pt/purgatorio index.html.backup
2003.08.15 20:07 B C:\Docs\sites\helder\dante\pt\purgatorio\indice.gif --> ftp89.locaweb.com.br /public_html/helder/dante/pt/purgatorio indice.gif
2003.08.15 20:07 B C:\Docs\sites\helder\dante\pt\purgatorio\intro.html --> ftp89.locaweb.com.br /public_html/helder/dante/pt/purgatorio intro.html
2003.08.15 20:07 B C:\Docs\sites\helder\dante\pt\purgatorio\mapa1.html --> ftp89.locaweb.com.br /public_html/helder/dante/pt/purgatorio mapa1.html
2003.08.15 20:07 B C:\Docs\sites\helder\dante\pt\purgatorio\mapa2.html --> ftp89.locaweb.com.br /public_html/helder/dante/pt/purgatorio mapa2.html
2003.08.15 20:07 B C:\Docs\sites\helder\dante\pt\purgatorio\marcar.gif --> ftp89.locaweb.com.br /public_html/helder/dante/pt/purgatorio marcar.gif
2003.08.15 20:07 B C:\Docs\sites\helder\dante\pt\purgatorio\marcar.html --> ftp89.locaweb.com.br /public_html/helder/dante/pt/purgatorio marcar.html
2003.08.15 20:07 B C:\Docs\sites\helder\dante\pt\purgatorio\navbar.html --> ftp89.locaweb.com.br /public_html/helder/dante/pt/purgatorio navbar.html
2003.08.15 20:07 B C:\Docs\sites\helder\dante\pt\purgatorio\navbar.html.backup --> ftp89.locaweb.com.br /public_html/helder/dante/pt/purgatorio navbar.html.backup
2003.08.15 20:07 B C:\Docs\sites\helder\dante\pt\purgatorio\navbar2.html --> ftp89.locaweb.com.br /public_html/helder/dante/pt/purgatorio navbar2.html
2003.08.15 20:07 B C:\Docs\sites\helder\dante\pt\purgatorio\navbar3.html --> ftp89.locaweb.com.br /public_html/helder/dante/pt/purgatorio navbar3.html
2003.08.15 20:07 B C:\Docs\sites\helder\dante\pt\purgatorio\navbar3_tv.html --> ftp89.locaweb.com.br /public_html/helder/dante/pt/purgatorio navbar3_tv.html
2003.08.15 20:07 B C:\Docs\sites\helder\dante\pt\purgatorio\navbar3f.html --> ftp89.locaweb.com.br /public_html/helder/dante/pt/purgatorio navbar3f.html
2003.08.15 20:07 B C:\Docs\sites\helder\dante\pt\purgatorio\navbar3f_th.html --> ftp89.locaweb.com.br /public_html/helder/dante/pt/purgatorio navbar3f_th.html
2003.08.15 20:07 B C:\Docs\sites\helder\dante\pt\purgatorio\navbar4.html --> ftp89.locaweb.com.br /public_html/helder/dante/pt/purgatorio navbar4.html
2003.08.15 20:07 B C:\Docs\sites\helder\dante\pt\purgatorio\navbar5.html --> ftp89.locaweb.com.br /public_html/helder/dante/pt/purgatorio navbar5.html
2003.08.15 20:07 B C:\Docs\sites\helder\dante\pt\purgatorio\notas.gif --> ftp89.locaweb.com.br /public_html/helder/dante/pt/purgatorio notas.gif
2003.08.15 20:07 B C:\Docs\sites\helder\dante\pt\purgatorio\notas_1.html --> ftp89.locaweb.com.br /public_html/helder/dante/pt/purgatorio notas_1.html
2003.08.15 20:07 B C:\Docs\sites\helder\dante\pt\purgatorio\notas_10.html --> ftp89.locaweb.com.br /public_html/helder/dante/pt/purgatorio notas_10.html
2003.08.15 20:07 B C:\Docs\sites\helder\dante\pt\purgatorio\notas_11.html --> ftp89.locaweb.com.br /public_html/helder/dante/pt/purgatorio notas_11.html
2003.08.15 20:07 B C:\Docs\sites\helder\dante\pt\purgatorio\notas_12.html --> ftp89.locaweb.com.br /public_html/helder/dante/pt/purgatorio notas_12.html
2003.08.15 20:07 B C:\Docs\sites\helder\dante\pt\purgatorio\notas_13.html --> ftp89.locaweb.com.br /public_html/helder/dante/pt/purgatorio notas_13.html
2003.08.15 20:07 B C:\Docs\sites\helder\dante\pt\purgatorio\notas_14.html --> ftp89.locaweb.com.br /public_html/helder/dante/pt/purgatorio notas_14.html
2003.08.15 20:07 B C:\Docs\sites\helder\dante\pt\purgatorio\notas_15.html --> ftp89.locaweb.com.br /public_html/helder/dante/pt/purgatorio notas_15.html
2003.08.15 20:07 B C:\Docs\sites\helder\dante\pt\purgatorio\notas_16.html --> ftp89.locaweb.com.br /public_html/helder/dante/pt/purgatorio notas_16.html
2003.08.15 20:07 B C:\Docs\sites\helder\dante\pt\purgatorio\notas_17.html --> ftp89.locaweb.com.br /public_html/helder/dante/pt/purgatorio notas_17.html
2003.08.15 20:07 B C:\Docs\sites\helder\dante\pt\purgatorio\notas_18.html --> ftp89.locaweb.com.br /public_html/helder/dante/pt/purgatorio notas_18.html
2003.08.15 20:07 B C:\Docs\sites\helder\dante\pt\purgatorio\notas_19.html --> ftp89.locaweb.com.br /public_html/helder/dante/pt/purgatorio notas_19.html
2003.08.15 20:07 B C:\Docs\sites\helder\dante\pt\purgatorio\notas_2.html --> ftp89.locaweb.com.br /public_html/helder/dante/pt/purgatorio notas_2.html
2003.08.15 20:07 B C:\Docs\sites\helder\dante\pt\purgatorio\notas_20.html --> ftp89.locaweb.com.br /public_html/helder/dante/pt/purgatorio notas_20.html
2003.08.15 20:07 B C:\Docs\sites\helder\dante\pt\purgatorio\notas_21.html --> ftp89.locaweb.com.br /public_html/helder/dante/pt/purgatorio notas_21.html
2003.08.15 20:07 B C:\Docs\sites\helder\dante\pt\purgatorio\notas_22.html --> ftp89.locaweb.com.br /public_html/helder/dante/pt/purgatorio notas_22.html
2003.08.15 20:07 B C:\Docs\sites\helder\dante\pt\purgatorio\notas_23.html --> ftp89.locaweb.com.br /public_html/helder/dante/pt/purgatorio notas_23.html
2003.08.15 20:07 B C:\Docs\sites\helder\dante\pt\purgatorio\notas_24.html --> ftp89.locaweb.com.br /public_html/helder/dante/pt/purgatorio notas_24.html
2003.08.15 20:07 B C:\Docs\sites\helder\dante\pt\purgatorio\notas_25.html --> ftp89.locaweb.com.br /public_html/helder/dante/pt/purgatorio notas_25.html
2003.08.15 20:08 B C:\Docs\sites\helder\dante\pt\purgatorio\notas_26.html --> ftp89.locaweb.com.br /public_html/helder/dante/pt/purgatorio notas_26.html
2003.08.15 20:08 B C:\Docs\sites\helder\dante\pt\purgatorio\notas_27.html --> ftp89.locaweb.com.br /public_html/helder/dante/pt/purgatorio notas_27.html
2003.08.15 20:08 B C:\Docs\sites\helder\dante\pt\purgatorio\notas_28.html --> ftp89.locaweb.com.br /public_html/helder/dante/pt/purgatorio notas_28.html
2003.08.15 20:08 B C:\Docs\sites\helder\dante\pt\purgatorio\notas_29.html --> ftp89.locaweb.com.br /public_html/helder/dante/pt/purgatorio notas_29.html
2003.08.15 20:08 B C:\Docs\sites\helder\dante\pt\purgatorio\notas_3.html --> ftp89.locaweb.com.br /public_html/helder/dante/pt/purgatorio notas_3.html
2003.08.15 20:08 B C:\Docs\sites\helder\dante\pt\purgatorio\notas_30.html --> ftp89.locaweb.com.br /public_html/helder/dante/pt/purgatorio notas_30.html
2003.08.15 20:08 B C:\Docs\sites\helder\dante\pt\purgatorio\notas_31.html --> ftp89.locaweb.com.br /public_html/helder/dante/pt/purgatorio notas_31.html
2003.08.15 20:08 B C:\Docs\sites\helder\dante\pt\purgatorio\notas_32.html --> ftp89.locaweb.com.br /public_html/helder/dante/pt/purgatorio notas_32.html
2003.08.15 20:08 B C:\Docs\sites\helder\dante\pt\purgatorio\notas_33.html --> ftp89.locaweb.com.br /public_html/helder/dante/pt/purgatorio notas_33.html
2003.08.15 20:08 B C:\Docs\sites\helder\dante\pt\purgatorio\notas_4.html --> ftp89.locaweb.com.br /public_html/helder/dante/pt/purgatorio notas_4.html
2003.08.15 20:08 B C:\Docs\sites\helder\dante\pt\purgatorio\notas_5.html --> ftp89.locaweb.com.br /public_html/helder/dante/pt/purgatorio notas_5.html
2003.08.15 20:08 B C:\Docs\sites\helder\dante\pt\purgatorio\notas_6.html --> ftp89.locaweb.com.br /public_html/helder/dante/pt/purgatorio notas_6.html
2003.08.15 20:08 B C:\Docs\sites\helder\dante\pt\purgatorio\notas_7.html --> ftp89.locaweb.com.br /public_html/helder/dante/pt/purgatorio notas_7.html
2003.08.15 20:08 B C:\Docs\sites\helder\dante\pt\purgatorio\notas_8.html --> ftp89.locaweb.com.br /public_html/helder/dante/pt/purgatorio notas_8.html
2003.08.15 20:08 B C:\Docs\sites\helder\dante\pt\purgatorio\notas_9.html --> ftp89.locaweb.com.br /public_html/helder/dante/pt/purgatorio notas_9.html
2003.08.15 20:08 B C:\Docs\sites\helder\dante\pt\purgatorio\poema.css --> ftp89.locaweb.com.br /public_html/helder/dante/pt/purgatorio poema.css
2003.08.15 20:08 B C:\Docs\sites\helder\dante\pt\purgatorio\poema.gif --> ftp89.locaweb.com.br /public_html/helder/dante/pt/purgatorio poema.gif
2003.08.15 20:08 B C:\Docs\sites\helder\dante\pt\purgatorio\portal.html --> ftp89.locaweb.com.br /public_html/helder/dante/pt/purgatorio portal.html
2003.08.15 20:08 B C:\Docs\sites\helder\dante\pt\purgatorio\portal.html.backup --> ftp89.locaweb.com.br /public_html/helder/dante/pt/purgatorio portal.html.backup
2003.08.15 20:08 B C:\Docs\sites\helder\dante\pt\purgatorio\prosa.gif --> ftp89.locaweb.com.br /public_html/helder/dante/pt/purgatorio prosa.gif
2003.08.15 20:08 B C:\Docs\sites\helder\dante\pt\purgatorio\prox.gif --> ftp89.locaweb.com.br /public_html/helder/dante/pt/purgatorio prox.gif
2003.08.15 20:08 B C:\Docs\sites\helder\dante\pt\purgatorio\pur_pixel.gif --> ftp89.locaweb.com.br /public_html/helder/dante/pt/purgatorio pur_pixel.gif
2003.08.15 20:08 B C:\Docs\sites\helder\dante\pt\purgatorio\purgatorio.html --> ftp89.locaweb.com.br /public_html/helder/dante/pt/purgatorio purgatorio.html
2003.08.15 20:08 B C:\Docs\sites\helder\dante\pt\purgatorio\purgatorio.html.backup --> ftp89.locaweb.com.br /public_html/helder/dante/pt/purgatorio purgatorio.html.backup
2003.08.15 20:08 B C:\Docs\sites\helder\dante\pt\purgatorio\purgatorio_1.html --> ftp89.locaweb.com.br /public_html/helder/dante/pt/purgatorio purgatorio_1.html
2003.08.15 20:08 B C:\Docs\sites\helder\dante\pt\purgatorio\purgatorio_10.html --> ftp89.locaweb.com.br /public_html/helder/dante/pt/purgatorio purgatorio_10.html
2003.08.15 20:08 B C:\Docs\sites\helder\dante\pt\purgatorio\purgatorio_11.html --> ftp89.locaweb.com.br /public_html/helder/dante/pt/purgatorio purgatorio_11.html
2003.08.15 20:08 B C:\Docs\sites\helder\dante\pt\purgatorio\purgatorio_12.html --> ftp89.locaweb.com.br /public_html/helder/dante/pt/purgatorio purgatorio_12.html
2003.08.15 20:08 B C:\Docs\sites\helder\dante\pt\purgatorio\purgatorio_13.html --> ftp89.locaweb.com.br /public_html/helder/dante/pt/purgatorio purgatorio_13.html
2003.08.15 20:08 B C:\Docs\sites\helder\dante\pt\purgatorio\purgatorio_14.html --> ftp89.locaweb.com.br /public_html/helder/dante/pt/purgatorio purgatorio_14.html
2003.08.15 20:08 B C:\Docs\sites\helder\dante\pt\purgatorio\purgatorio_15.html --> ftp89.locaweb.com.br /public_html/helder/dante/pt/purgatorio purgatorio_15.html
2003.08.15 20:08 B C:\Docs\sites\helder\dante\pt\purgatorio\purgatorio_16.html --> ftp89.locaweb.com.br /public_html/helder/dante/pt/purgatorio purgatorio_16.html
2003.08.15 20:08 B C:\Docs\sites\helder\dante\pt\purgatorio\purgatorio_17.html --> ftp89.locaweb.com.br /public_html/helder/dante/pt/purgatorio purgatorio_17.html
2003.08.15 20:08 B C:\Docs\sites\helder\dante\pt\purgatorio\purgatorio_18.html --> ftp89.locaweb.com.br /public_html/helder/dante/pt/purgatorio purgatorio_18.html
2003.08.15 20:08 B C:\Docs\sites\helder\dante\pt\purgatorio\purgatorio_19.html --> ftp89.locaweb.com.br /public_html/helder/dante/pt/purgatorio purgatorio_19.html
2003.08.15 20:08 B C:\Docs\sites\helder\dante\pt\purgatorio\purgatorio_2.html --> ftp89.locaweb.com.br /public_html/helder/dante/pt/purgatorio purgatorio_2.html
2003.08.15 20:08 B C:\Docs\sites\helder\dante\pt\purgatorio\purgatorio_20.html --> ftp89.locaweb.com.br /public_html/helder/dante/pt/purgatorio purgatorio_20.html
2003.08.15 20:08 B C:\Docs\sites\helder\dante\pt\purgatorio\purgatorio_21.html --> ftp89.locaweb.com.br /public_html/helder/dante/pt/purgatorio purgatorio_21.html
2003.08.15 20:08 B C:\Docs\sites\helder\dante\pt\purgatorio\purgatorio_22.html --> ftp89.locaweb.com.br /public_html/helder/dante/pt/purgatorio purgatorio_22.html
2003.08.15 20:08 B C:\Docs\sites\helder\dante\pt\purgatorio\purgatorio_23.html --> ftp89.locaweb.com.br /public_html/helder/dante/pt/purgatorio purgatorio_23.html
2003.08.15 20:08 B C:\Docs\sites\helder\dante\pt\purgatorio\purgatorio_24.html --> ftp89.locaweb.com.br /public_html/helder/dante/pt/purgatorio purgatorio_24.html
2003.08.15 20:08 B C:\Docs\sites\helder\dante\pt\purgatorio\purgatorio_25.html --> ftp89.locaweb.com.br /public_html/helder/dante/pt/purgatorio purgatorio_25.html
2003.08.15 20:08 B C:\Docs\sites\helder\dante\pt\purgatorio\purgatorio_26.html --> ftp89.locaweb.com.br /public_html/helder/dante/pt/purgatorio purgatorio_26.html
2003.08.15 20:08 B C:\Docs\sites\helder\dante\pt\purgatorio\purgatorio_27.html --> ftp89.locaweb.com.br /public_html/helder/dante/pt/purgatorio purgatorio_27.html
2003.08.15 20:08 B C:\Docs\sites\helder\dante\pt\purgatorio\purgatorio_28.html --> ftp89.locaweb.com.br /public_html/helder/dante/pt/purgatorio purgatorio_28.html
2003.08.15 20:08 B C:\Docs\sites\helder\dante\pt\purgatorio\purgatorio_29.html --> ftp89.locaweb.com.br /public_html/helder/dante/pt/purgatorio purgatorio_29.html
2003.08.15 20:08 B C:\Docs\sites\helder\dante\pt\purgatorio\purgatorio_3.html --> ftp89.locaweb.com.br /public_html/helder/dante/pt/purgatorio purgatorio_3.html
2003.08.15 20:08 B C:\Docs\sites\helder\dante\pt\purgatorio\purgatorio_30.html --> ftp89.locaweb.com.br /public_html/helder/dante/pt/purgatorio purgatorio_30.html
2003.08.15 20:09 B C:\Docs\sites\helder\dante\pt\purgatorio\purgatorio_31.html --> ftp89.locaweb.com.br /public_html/helder/dante/pt/purgatorio purgatorio_31.html
2003.08.15 20:09 B C:\Docs\sites\helder\dante\pt\purgatorio\purgatorio_32.html --> ftp89.locaweb.com.br /public_html/helder/dante/pt/purgatorio purgatorio_32.html
2003.08.15 20:09 B C:\Docs\sites\helder\dante\pt\purgatorio\purgatorio_33.html --> ftp89.locaweb.com.br /public_html/helder/dante/pt/purgatorio purgatorio_33.html
2003.08.15 20:09 B C:\Docs\sites\helder\dante\pt\purgatorio\purgatorio_4.html --> ftp89.locaweb.com.br /public_html/helder/dante/pt/purgatorio purgatorio_4.html
2003.08.15 20:09 B C:\Docs\sites\helder\dante\pt\purgatorio\purgatorio_5.html --> ftp89.locaweb.com.br /public_html/helder/dante/pt/purgatorio purgatorio_5.html
2003.08.15 20:09 B C:\Docs\sites\helder\dante\pt\purgatorio\purgatorio_6.html --> ftp89.locaweb.com.br /public_html/helder/dante/pt/purgatorio purgatorio_6.html
2003.08.15 20:09 B C:\Docs\sites\helder\dante\pt\purgatorio\purgatorio_7.html --> ftp89.locaweb.com.br /public_html/helder/dante/pt/purgatorio purgatorio_7.html
2003.08.15 20:09 B C:\Docs\sites\helder\dante\pt\purgatorio\purgatorio_8.html --> ftp89.locaweb.com.br /public_html/helder/dante/pt/purgatorio purgatorio_8.html
2003.08.15 20:09 B C:\Docs\sites\helder\dante\pt\purgatorio\purgatorio_9.html --> ftp89.locaweb.com.br /public_html/helder/dante/pt/purgatorio purgatorio_9.html
2003.08.15 20:09 B C:\Docs\sites\helder\dante\pt\purgatorio\purgclock.gif --> ftp89.locaweb.com.br /public_html/helder/dante/pt/purgatorio purgclock.gif
2003.08.15 20:09 B C:\Docs\sites\helder\dante\pt\purgatorio\purgclock.swf --> ftp89.locaweb.com.br /public_html/helder/dante/pt/purgatorio purgclock.swf
2003.08.15 20:09 B C:\Docs\sites\helder\dante\pt\purgatorio\side.gif --> ftp89.locaweb.com.br /public_html/helder/dante/pt/purgatorio side.gif
2003.08.15 20:09 B C:\Docs\sites\helder\dante\pt\purgatorio\viaemail.html --> ftp89.locaweb.com.br /public_html/helder/dante/pt/purgatorio viaemail.html
2003.08.15 23:11 B C:\Docs\sites\helder\dante\pt\purgatorio\viaemail.html --> ftp89.locaweb.com.br /public_html/helder/dante/pt/purgatorio viaemail.html
2003.12.22 08:50 B C:\Docs\sites\helder\dante\pt\purgatorio\ant.gif --> ftp125.locaweb.com.br /public_html/pt/purgatorio ant.gif
2003.12.22 08:50 B C:\Docs\sites\helder\dante\pt\purgatorio\bookmark.gif --> ftp125.locaweb.com.br /public_html/pt/purgatorio bookmark.gif
2003.12.22 08:50 B C:\Docs\sites\helder\dante\pt\purgatorio\canto_1.html --> ftp125.locaweb.com.br /public_html/pt/purgatorio canto_1.html
2003.12.22 08:50 B C:\Docs\sites\helder\dante\pt\purgatorio\canto_10.html --> ftp125.locaweb.com.br /public_html/pt/purgatorio canto_10.html
2003.12.22 08:51 B C:\Docs\sites\helder\dante\pt\purgatorio\canto_11.html --> ftp125.locaweb.com.br /public_html/pt/purgatorio canto_11.html
2003.12.22 08:51 B C:\Docs\sites\helder\dante\pt\purgatorio\canto_12.html --> ftp125.locaweb.com.br /public_html/pt/purgatorio canto_12.html
2003.12.22 08:51 B C:\Docs\sites\helder\dante\pt\purgatorio\canto_13.html --> ftp125.locaweb.com.br /public_html/pt/purgatorio canto_13.html
2003.12.22 08:51 B C:\Docs\sites\helder\dante\pt\purgatorio\canto_14.html --> ftp125.locaweb.com.br /public_html/pt/purgatorio canto_14.html
2003.12.22 08:51 B C:\Docs\sites\helder\dante\pt\purgatorio\canto_15.html --> ftp125.locaweb.com.br /public_html/pt/purgatorio canto_15.html
2003.12.22 08:51 B C:\Docs\sites\helder\dante\pt\purgatorio\canto_16.html --> ftp125.locaweb.com.br /public_html/pt/purgatorio canto_16.html
2003.12.22 08:51 B C:\Docs\sites\helder\dante\pt\purgatorio\canto_17.html --> ftp125.locaweb.com.br /public_html/pt/purgatorio canto_17.html
2003.12.22 08:51 B C:\Docs\sites\helder\dante\pt\purgatorio\canto_18.html --> ftp125.locaweb.com.br /public_html/pt/purgatorio canto_18.html
2003.12.22 08:51 B C:\Docs\sites\helder\dante\pt\purgatorio\canto_19.html --> ftp125.locaweb.com.br /public_html/pt/purgatorio canto_19.html
2003.12.22 08:51 B C:\Docs\sites\helder\dante\pt\purgatorio\canto_2.html --> ftp125.locaweb.com.br /public_html/pt/purgatorio canto_2.html
2003.12.22 08:51 B C:\Docs\sites\helder\dante\pt\purgatorio\canto_20.html --> ftp125.locaweb.com.br /public_html/pt/purgatorio canto_20.html
2003.12.22 08:51 B C:\Docs\sites\helder\dante\pt\purgatorio\canto_21.html --> ftp125.locaweb.com.br /public_html/pt/purgatorio canto_21.html
2003.12.22 08:51 B C:\Docs\sites\helder\dante\pt\purgatorio\canto_22.html --> ftp125.locaweb.com.br /public_html/pt/purgatorio canto_22.html
2003.12.22 08:51 B C:\Docs\sites\helder\dante\pt\purgatorio\canto_23.html --> ftp125.locaweb.com.br /public_html/pt/purgatorio canto_23.html
2003.12.22 08:51 B C:\Docs\sites\helder\dante\pt\purgatorio\canto_24.html --> ftp125.locaweb.com.br /public_html/pt/purgatorio canto_24.html
2003.12.22 08:51 B C:\Docs\sites\helder\dante\pt\purgatorio\canto_25.html --> ftp125.locaweb.com.br /public_html/pt/purgatorio canto_25.html
2003.12.22 08:51 B C:\Docs\sites\helder\dante\pt\purgatorio\canto_26.html --> ftp125.locaweb.com.br /public_html/pt/purgatorio canto_26.html
2003.12.22 08:51 B C:\Docs\sites\helder\dante\pt\purgatorio\canto_27.html --> ftp125.locaweb.com.br /public_html/pt/purgatorio canto_27.html
2003.12.22 08:51 B C:\Docs\sites\helder\dante\pt\purgatorio\canto_28.html --> ftp125.locaweb.com.br /public_html/pt/purgatorio canto_28.html
2003.12.22 08:51 B C:\Docs\sites\helder\dante\pt\purgatorio\canto_29.html --> ftp125.locaweb.com.br /public_html/pt/purgatorio canto_29.html
2003.12.22 08:51 B C:\Docs\sites\helder\dante\pt\purgatorio\canto_3.html --> ftp125.locaweb.com.br /public_html/pt/purgatorio canto_3.html
2003.12.22 08:51 B C:\Docs\sites\helder\dante\pt\purgatorio\canto_30.html --> ftp125.locaweb.com.br /public_html/pt/purgatorio canto_30.html
2003.12.22 08:51 B C:\Docs\sites\helder\dante\pt\purgatorio\canto_31.html --> ftp125.locaweb.com.br /public_html/pt/purgatorio canto_31.html
2003.12.22 08:51 B C:\Docs\sites\helder\dante\pt\purgatorio\canto_32.html --> ftp125.locaweb.com.br /public_html/pt/purgatorio canto_32.html
2003.12.22 08:51 B C:\Docs\sites\helder\dante\pt\purgatorio\canto_33.html --> ftp125.locaweb.com.br /public_html/pt/purgatorio canto_33.html
2003.12.22 08:51 B C:\Docs\sites\helder\dante\pt\purgatorio\canto_4.html --> ftp125.locaweb.com.br /public_html/pt/purgatorio canto_4.html
2003.12.22 08:51 B C:\Docs\sites\helder\dante\pt\purgatorio\canto_5.html --> ftp125.locaweb.com.br /public_html/pt/purgatorio canto_5.html
2003.12.22 08:51 B C:\Docs\sites\helder\dante\pt\purgatorio\canto_6.html --> ftp125.locaweb.com.br /public_html/pt/purgatorio canto_6.html
2003.12.22 08:51 B C:\Docs\sites\helder\dante\pt\purgatorio\canto_7.html --> ftp125.locaweb.com.br /public_html/pt/purgatorio canto_7.html
2003.12.22 08:51 B C:\Docs\sites\helder\dante\pt\purgatorio\canto_8.html --> ftp125.locaweb.com.br /public_html/pt/purgatorio canto_8.html
2003.12.22 08:51 B C:\Docs\sites\helder\dante\pt\purgatorio\canto_9.html --> ftp125.locaweb.com.br /public_html/pt/purgatorio canto_9.html
2003.12.22 08:51 B C:\Docs\sites\helder\dante\pt\purgatorio\cantos.css --> ftp125.locaweb.com.br /public_html/pt/purgatorio cantos.css
2003.12.22 08:51 B C:\Docs\sites\helder\dante\pt\purgatorio\cantos.css.backup --> ftp125.locaweb.com.br /public_html/pt/purgatorio cantos.css.backup
2003.12.22 08:51 B C:\Docs\sites\helder\dante\pt\purgatorio\cantos.html --> ftp125.locaweb.com.br /public_html/pt/purgatorio cantos.html
2003.12.22 08:51 B C:\Docs\sites\helder\dante\pt\purgatorio\cantos_orig.html --> ftp125.locaweb.com.br /public_html/pt/purgatorio cantos_orig.html
2003.12.22 08:51 B C:\Docs\sites\helder\dante\pt\purgatorio\dore17.html --> ftp125.locaweb.com.br /public_html/pt/purgatorio dore17.html
2003.12.22 08:51 B C:\Docs\sites\helder\dante\pt\purgatorio\dore18.html --> ftp125.locaweb.com.br /public_html/pt/purgatorio dore18.html
2003.12.22 08:51 B C:\Docs\sites\helder\dante\pt\purgatorio\dore19.html --> ftp125.locaweb.com.br /public_html/pt/purgatorio dore19.html
2003.12.22 08:51 B C:\Docs\sites\helder\dante\pt\purgatorio\dore20.html --> ftp125.locaweb.com.br /public_html/pt/purgatorio dore20.html
2003.12.22 08:51 B C:\Docs\sites\helder\dante\pt\purgatorio\dore21.html --> ftp125.locaweb.com.br /public_html/pt/purgatorio dore21.html
2003.12.22 08:51 B C:\Docs\sites\helder\dante\pt\purgatorio\dore22.html --> ftp125.locaweb.com.br /public_html/pt/purgatorio dore22.html
2003.12.22 08:51 B C:\Docs\sites\helder\dante\pt\purgatorio\dore23.html --> ftp125.locaweb.com.br /public_html/pt/purgatorio dore23.html
2003.12.22 08:51 B C:\Docs\sites\helder\dante\pt\purgatorio\dore24.html --> ftp125.locaweb.com.br /public_html/pt/purgatorio dore24.html
2003.12.22 08:51 B C:\Docs\sites\helder\dante\pt\purgatorio\dore25.html --> ftp125.locaweb.com.br /public_html/pt/purgatorio dore25.html
2003.12.22 08:51 B C:\Docs\sites\helder\dante\pt\purgatorio\dore26.html --> ftp125.locaweb.com.br /public_html/pt/purgatorio dore26.html
2003.12.22 08:51 B C:\Docs\sites\helder\dante\pt\purgatorio\dore27.html --> ftp125.locaweb.com.br /public_html/pt/purgatorio dore27.html
2003.12.22 08:51 B C:\Docs\sites\helder\dante\pt\purgatorio\dore28.html --> ftp125.locaweb.com.br /public_html/pt/purgatorio dore28.html
2003.12.22 08:51 B C:\Docs\sites\helder\dante\pt\purgatorio\dore29.html --> ftp125.locaweb.com.br /public_html/pt/purgatorio dore29.html
2003.12.22 08:51 B C:\Docs\sites\helder\dante\pt\purgatorio\dore30.html --> ftp125.locaweb.com.br /public_html/pt/purgatorio dore30.html
2003.12.22 08:51 B C:\Docs\sites\helder\dante\pt\purgatorio\dore31.html --> ftp125.locaweb.com.br /public_html/pt/purgatorio dore31.html
2003.12.22 08:51 B C:\Docs\sites\helder\dante\pt\purgatorio\dore32.html --> ftp125.locaweb.com.br /public_html/pt/purgatorio dore32.html
2003.12.22 08:51 B C:\Docs\sites\helder\dante\pt\purgatorio\dore33.html --> ftp125.locaweb.com.br /public_html/pt/purgatorio dore33.html
2003.12.22 08:51 B C:\Docs\sites\helder\dante\pt\purgatorio\email.gif --> ftp125.locaweb.com.br /public_html/pt/purgatorio email.gif
2003.12.22 08:51 B C:\Docs\sites\helder\dante\pt\purgatorio\estrutura.html --> ftp125.locaweb.com.br /public_html/pt/purgatorio estrutura.html
2003.12.22 08:51 B C:\Docs\sites\helder\dante\pt\purgatorio\glossario.html --> ftp125.locaweb.com.br /public_html/pt/purgatorio glossario.html
2003.12.22 08:51 B C:\Docs\sites\helder\dante\pt\purgatorio\glossario.html~ --> ftp125.locaweb.com.br /public_html/pt/purgatorio glossario.html~
2003.12.22 08:51 B C:\Docs\sites\helder\dante\pt\purgatorio\hs~dore33.html --> ftp125.locaweb.com.br /public_html/pt/purgatorio hs~dore33.html
2003.12.22 08:51 B C:\Docs\sites\helder\dante\pt\purgatorio\imagens.html --> ftp125.locaweb.com.br /public_html/pt/purgatorio imagens.html
2003.12.22 08:51 B C:\Docs\sites\helder\dante\pt\purgatorio\index.html --> ftp125.locaweb.com.br /public_html/pt/purgatorio index.html
2003.12.22 08:51 B C:\Docs\sites\helder\dante\pt\purgatorio\index.html.backup --> ftp125.locaweb.com.br /public_html/pt/purgatorio index.html.backup
2003.12.22 08:51 B C:\Docs\sites\helder\dante\pt\purgatorio\indice.gif --> ftp125.locaweb.com.br /public_html/pt/purgatorio indice.gif
2003.12.22 08:51 B C:\Docs\sites\helder\dante\pt\purgatorio\intro.html --> ftp125.locaweb.com.br /public_html/pt/purgatorio intro.html
2003.12.22 08:51 B C:\Docs\sites\helder\dante\pt\purgatorio\mapa1.html --> ftp125.locaweb.com.br /public_html/pt/purgatorio mapa1.html
2003.12.22 08:51 B C:\Docs\sites\helder\dante\pt\purgatorio\mapa2.html --> ftp125.locaweb.com.br /public_html/pt/purgatorio mapa2.html
2003.12.22 08:51 B C:\Docs\sites\helder\dante\pt\purgatorio\marcar.gif --> ftp125.locaweb.com.br /public_html/pt/purgatorio marcar.gif
2003.12.22 08:51 B C:\Docs\sites\helder\dante\pt\purgatorio\marcar.html --> ftp125.locaweb.com.br /public_html/pt/purgatorio marcar.html
2003.12.22 08:51 B C:\Docs\sites\helder\dante\pt\purgatorio\navbar.html --> ftp125.locaweb.com.br /public_html/pt/purgatorio navbar.html
2003.12.22 08:51 B C:\Docs\sites\helder\dante\pt\purgatorio\navbar.html.backup --> ftp125.locaweb.com.br /public_html/pt/purgatorio navbar.html.backup
2003.12.22 08:51 B C:\Docs\sites\helder\dante\pt\purgatorio\navbar2.html --> ftp125.locaweb.com.br /public_html/pt/purgatorio navbar2.html
2003.12.22 08:51 B C:\Docs\sites\helder\dante\pt\purgatorio\navbar3.html --> ftp125.locaweb.com.br /public_html/pt/purgatorio navbar3.html
2003.12.22 08:51 B C:\Docs\sites\helder\dante\pt\purgatorio\navbar3_tv.html --> ftp125.locaweb.com.br /public_html/pt/purgatorio navbar3_tv.html
2003.12.22 08:51 B C:\Docs\sites\helder\dante\pt\purgatorio\navbar3f.html --> ftp125.locaweb.com.br /public_html/pt/purgatorio navbar3f.html
2003.12.22 08:51 B C:\Docs\sites\helder\dante\pt\purgatorio\navbar3f_th.html --> ftp125.locaweb.com.br /public_html/pt/purgatorio navbar3f_th.html
2003.12.22 08:51 B C:\Docs\sites\helder\dante\pt\purgatorio\navbar4.html --> ftp125.locaweb.com.br /public_html/pt/purgatorio navbar4.html
2003.12.22 08:51 B C:\Docs\sites\helder\dante\pt\purgatorio\navbar5.html --> ftp125.locaweb.com.br /public_html/pt/purgatorio navbar5.html
2003.12.22 08:51 B C:\Docs\sites\helder\dante\pt\purgatorio\notas.gif --> ftp125.locaweb.com.br /public_html/pt/purgatorio notas.gif
2003.12.22 08:51 B C:\Docs\sites\helder\dante\pt\purgatorio\notas_1.html --> ftp125.locaweb.com.br /public_html/pt/purgatorio notas_1.html
2003.12.22 08:51 B C:\Docs\sites\helder\dante\pt\purgatorio\notas_10.html --> ftp125.locaweb.com.br /public_html/pt/purgatorio notas_10.html
2003.12.22 08:51 B C:\Docs\sites\helder\dante\pt\purgatorio\notas_11.html --> ftp125.locaweb.com.br /public_html/pt/purgatorio notas_11.html
2003.12.22 08:51 B C:\Docs\sites\helder\dante\pt\purgatorio\notas_12.html --> ftp125.locaweb.com.br /public_html/pt/purgatorio notas_12.html
2003.12.22 08:51 B C:\Docs\sites\helder\dante\pt\purgatorio\notas_13.html --> ftp125.locaweb.com.br /public_html/pt/purgatorio notas_13.html
2003.12.22 08:51 B C:\Docs\sites\helder\dante\pt\purgatorio\notas_14.html --> ftp125.locaweb.com.br /public_html/pt/purgatorio notas_14.html
2003.12.22 08:51 B C:\Docs\sites\helder\dante\pt\purgatorio\notas_15.html --> ftp125.locaweb.com.br /public_html/pt/purgatorio notas_15.html
2003.12.22 08:51 B C:\Docs\sites\helder\dante\pt\purgatorio\notas_16.html --> ftp125.locaweb.com.br /public_html/pt/purgatorio notas_16.html
2003.12.22 08:51 B C:\Docs\sites\helder\dante\pt\purgatorio\notas_17.html --> ftp125.locaweb.com.br /public_html/pt/purgatorio notas_17.html
2003.12.22 08:51 B C:\Docs\sites\helder\dante\pt\purgatorio\notas_18.html --> ftp125.locaweb.com.br /public_html/pt/purgatorio notas_18.html
2003.12.22 08:51 B C:\Docs\sites\helder\dante\pt\purgatorio\notas_19.html --> ftp125.locaweb.com.br /public_html/pt/purgatorio notas_19.html
2003.12.22 08:51 B C:\Docs\sites\helder\dante\pt\purgatorio\notas_2.html --> ftp125.locaweb.com.br /public_html/pt/purgatorio notas_2.html
2003.12.22 08:51 B C:\Docs\sites\helder\dante\pt\purgatorio\notas_20.html --> ftp125.locaweb.com.br /public_html/pt/purgatorio notas_20.html
2003.12.22 08:52 B C:\Docs\sites\helder\dante\pt\purgatorio\notas_21.html --> ftp125.locaweb.com.br /public_html/pt/purgatorio notas_21.html
2003.12.22 08:52 B C:\Docs\sites\helder\dante\pt\purgatorio\notas_22.html --> ftp125.locaweb.com.br /public_html/pt/purgatorio notas_22.html
2003.12.22 08:52 B C:\Docs\sites\helder\dante\pt\purgatorio\notas_23.html --> ftp125.locaweb.com.br /public_html/pt/purgatorio notas_23.html
2003.12.22 08:52 B C:\Docs\sites\helder\dante\pt\purgatorio\notas_24.html --> ftp125.locaweb.com.br /public_html/pt/purgatorio notas_24.html
2003.12.22 08:52 B C:\Docs\sites\helder\dante\pt\purgatorio\notas_25.html --> ftp125.locaweb.com.br /public_html/pt/purgatorio notas_25.html
2003.12.22 08:52 B C:\Docs\sites\helder\dante\pt\purgatorio\notas_26.html --> ftp125.locaweb.com.br /public_html/pt/purgatorio notas_26.html
2003.12.22 08:52 B C:\Docs\sites\helder\dante\pt\purgatorio\notas_27.html --> ftp125.locaweb.com.br /public_html/pt/purgatorio notas_27.html
2003.12.22 08:52 B C:\Docs\sites\helder\dante\pt\purgatorio\notas_28.html --> ftp125.locaweb.com.br /public_html/pt/purgatorio notas_28.html
2003.12.22 08:52 B C:\Docs\sites\helder\dante\pt\purgatorio\notas_29.html --> ftp125.locaweb.com.br /public_html/pt/purgatorio notas_29.html
2003.12.22 08:52 B C:\Docs\sites\helder\dante\pt\purgatorio\notas_3.html --> ftp125.locaweb.com.br /public_html/pt/purgatorio notas_3.html
2003.12.22 08:52 B C:\Docs\sites\helder\dante\pt\purgatorio\notas_30.html --> ftp125.locaweb.com.br /public_html/pt/purgatorio notas_30.html
2003.12.22 08:52 B C:\Docs\sites\helder\dante\pt\purgatorio\notas_31.html --> ftp125.locaweb.com.br /public_html/pt/purgatorio notas_31.html
2003.12.22 08:52 B C:\Docs\sites\helder\dante\pt\purgatorio\notas_32.html --> ftp125.locaweb.com.br /public_html/pt/purgatorio notas_32.html
2003.12.22 08:52 B C:\Docs\sites\helder\dante\pt\purgatorio\notas_33.html --> ftp125.locaweb.com.br /public_html/pt/purgatorio notas_33.html
2003.12.22 08:52 B C:\Docs\sites\helder\dante\pt\purgatorio\notas_4.html --> ftp125.locaweb.com.br /public_html/pt/purgatorio notas_4.html
2003.12.22 08:52 B C:\Docs\sites\helder\dante\pt\purgatorio\notas_5.html --> ftp125.locaweb.com.br /public_html/pt/purgatorio notas_5.html
2003.12.22 08:52 B C:\Docs\sites\helder\dante\pt\purgatorio\notas_6.html --> ftp125.locaweb.com.br /public_html/pt/purgatorio notas_6.html
2003.12.22 08:52 B C:\Docs\sites\helder\dante\pt\purgatorio\notas_7.html --> ftp125.locaweb.com.br /public_html/pt/purgatorio notas_7.html
2003.12.22 08:52 B C:\Docs\sites\helder\dante\pt\purgatorio\notas_8.html --> ftp125.locaweb.com.br /public_html/pt/purgatorio notas_8.html
2003.12.22 08:52 B C:\Docs\sites\helder\dante\pt\purgatorio\notas_9.html --> ftp125.locaweb.com.br /public_html/pt/purgatorio notas_9.html
2003.12.22 08:52 B C:\Docs\sites\helder\dante\pt\purgatorio\poema.css --> ftp125.locaweb.com.br /public_html/pt/purgatorio poema.css
2003.12.22 08:52 B C:\Docs\sites\helder\dante\pt\purgatorio\poema.gif --> ftp125.locaweb.com.br /public_html/pt/purgatorio poema.gif
2003.12.22 08:52 B C:\Docs\sites\helder\dante\pt\purgatorio\portal.html --> ftp125.locaweb.com.br /public_html/pt/purgatorio portal.html
2003.12.22 08:52 B C:\Docs\sites\helder\dante\pt\purgatorio\portal.html.backup --> ftp125.locaweb.com.br /public_html/pt/purgatorio portal.html.backup
2003.12.22 08:52 B C:\Docs\sites\helder\dante\pt\purgatorio\prosa.gif --> ftp125.locaweb.com.br /public_html/pt/purgatorio prosa.gif
2003.12.22 08:52 B C:\Docs\sites\helder\dante\pt\purgatorio\prox.gif --> ftp125.locaweb.com.br /public_html/pt/purgatorio prox.gif
2003.12.22 08:52 B C:\Docs\sites\helder\dante\pt\purgatorio\pur_pixel.gif --> ftp125.locaweb.com.br /public_html/pt/purgatorio pur_pixel.gif
2003.12.22 08:52 B C:\Docs\sites\helder\dante\pt\purgatorio\purgatorio.html --> ftp125.locaweb.com.br /public_html/pt/purgatorio purgatorio.html
2003.12.22 08:52 B C:\Docs\sites\helder\dante\pt\purgatorio\purgatorio.html.backup --> ftp125.locaweb.com.br /public_html/pt/purgatorio purgatorio.html.backup
2003.12.22 08:52 B C:\Docs\sites\helder\dante\pt\purgatorio\purgatorio_1.html --> ftp125.locaweb.com.br /public_html/pt/purgatorio purgatorio_1.html
2003.12.22 08:52 B C:\Docs\sites\helder\dante\pt\purgatorio\purgatorio_10.html --> ftp125.locaweb.com.br /public_html/pt/purgatorio purgatorio_10.html
2003.12.22 08:52 B C:\Docs\sites\helder\dante\pt\purgatorio\purgatorio_11.html --> ftp125.locaweb.com.br /public_html/pt/purgatorio purgatorio_11.html
2003.12.22 08:52 B C:\Docs\sites\helder\dante\pt\purgatorio\purgatorio_12.html --> ftp125.locaweb.com.br /public_html/pt/purgatorio purgatorio_12.html
2003.12.22 08:52 B C:\Docs\sites\helder\dante\pt\purgatorio\purgatorio_13.html --> ftp125.locaweb.com.br /public_html/pt/purgatorio purgatorio_13.html
2003.12.22 08:52 B C:\Docs\sites\helder\dante\pt\purgatorio\purgatorio_14.html --> ftp125.locaweb.com.br /public_html/pt/purgatorio purgatorio_14.html
2003.12.22 08:52 B C:\Docs\sites\helder\dante\pt\purgatorio\purgatorio_15.html --> ftp125.locaweb.com.br /public_html/pt/purgatorio purgatorio_15.html
2003.12.22 08:52 B C:\Docs\sites\helder\dante\pt\purgatorio\purgatorio_16.html --> ftp125.locaweb.com.br /public_html/pt/purgatorio purgatorio_16.html
2003.12.22 08:52 B C:\Docs\sites\helder\dante\pt\purgatorio\purgatorio_17.html --> ftp125.locaweb.com.br /public_html/pt/purgatorio purgatorio_17.html
2003.12.22 08:52 B C:\Docs\sites\helder\dante\pt\purgatorio\purgatorio_18.html --> ftp125.locaweb.com.br /public_html/pt/purgatorio purgatorio_18.html
2003.12.22 08:52 B C:\Docs\sites\helder\dante\pt\purgatorio\purgatorio_19.html --> ftp125.locaweb.com.br /public_html/pt/purgatorio purgatorio_19.html
2003.12.22 08:52 B C:\Docs\sites\helder\dante\pt\purgatorio\purgatorio_2.html --> ftp125.locaweb.com.br /public_html/pt/purgatorio purgatorio_2.html
2003.12.22 08:52 B C:\Docs\sites\helder\dante\pt\purgatorio\purgatorio_20.html --> ftp125.locaweb.com.br /public_html/pt/purgatorio purgatorio_20.html
2003.12.22 08:52 B C:\Docs\sites\helder\dante\pt\purgatorio\purgatorio_21.html --> ftp125.locaweb.com.br /public_html/pt/purgatorio purgatorio_21.html
2003.12.22 08:52 B C:\Docs\sites\helder\dante\pt\purgatorio\purgatorio_22.html --> ftp125.locaweb.com.br /public_html/pt/purgatorio purgatorio_22.html
2003.12.22 08:52 B C:\Docs\sites\helder\dante\pt\purgatorio\purgatorio_23.html --> ftp125.locaweb.com.br /public_html/pt/purgatorio purgatorio_23.html
2003.12.22 08:52 B C:\Docs\sites\helder\dante\pt\purgatorio\purgatorio_24.html --> ftp125.locaweb.com.br /public_html/pt/purgatorio purgatorio_24.html
2003.12.22 08:52 B C:\Docs\sites\helder\dante\pt\purgatorio\purgatorio_25.html --> ftp125.locaweb.com.br /public_html/pt/purgatorio purgatorio_25.html
2003.12.22 08:52 B C:\Docs\sites\helder\dante\pt\purgatorio\purgatorio_26.html --> ftp125.locaweb.com.br /public_html/pt/purgatorio purgatorio_26.html
2003.12.22 08:52 B C:\Docs\sites\helder\dante\pt\purgatorio\purgatorio_27.html --> ftp125.locaweb.com.br /public_html/pt/purgatorio purgatorio_27.html
2003.12.22 08:52 B C:\Docs\sites\helder\dante\pt\purgatorio\purgatorio_28.html --> ftp125.locaweb.com.br /public_html/pt/purgatorio purgatorio_28.html
2003.12.22 08:53 B C:\Docs\sites\helder\dante\pt\purgatorio\purgatorio_29.html --> ftp125.locaweb.com.br /public_html/pt/purgatorio purgatorio_29.html
2003.12.22 08:53 B C:\Docs\sites\helder\dante\pt\purgatorio\purgatorio_3.html --> ftp125.locaweb.com.br /public_html/pt/purgatorio purgatorio_3.html
2003.12.22 08:53 B C:\Docs\sites\helder\dante\pt\purgatorio\purgatorio_30.html --> ftp125.locaweb.com.br /public_html/pt/purgatorio purgatorio_30.html
2003.12.22 08:53 B C:\Docs\sites\helder\dante\pt\purgatorio\purgatorio_31.html --> ftp125.locaweb.com.br /public_html/pt/purgatorio purgatorio_31.html
2003.12.22 08:53 B C:\Docs\sites\helder\dante\pt\purgatorio\purgatorio_32.html --> ftp125.locaweb.com.br /public_html/pt/purgatorio purgatorio_32.html
2003.12.22 08:53 B C:\Docs\sites\helder\dante\pt\purgatorio\purgatorio_33.html --> ftp125.locaweb.com.br /public_html/pt/purgatorio purgatorio_33.html
2003.12.22 08:53 B C:\Docs\sites\helder\dante\pt\purgatorio\purgatorio_4.html --> ftp125.locaweb.com.br /public_html/pt/purgatorio purgatorio_4.html
2003.12.22 08:53 B C:\Docs\sites\helder\dante\pt\purgatorio\purgatorio_5.html --> ftp125.locaweb.com.br /public_html/pt/purgatorio purgatorio_5.html
2003.12.22 08:53 B C:\Docs\sites\helder\dante\pt\purgatorio\purgatorio_6.html --> ftp125.locaweb.com.br /public_html/pt/purgatorio purgatorio_6.html
2003.12.22 08:53 B C:\Docs\sites\helder\dante\pt\purgatorio\purgatorio_7.html --> ftp125.locaweb.com.br /public_html/pt/purgatorio purgatorio_7.html
2003.12.22 08:53 B C:\Docs\sites\helder\dante\pt\purgatorio\purgatorio_8.html --> ftp125.locaweb.com.br /public_html/pt/purgatorio purgatorio_8.html
2003.12.22 08:53 B C:\Docs\sites\helder\dante\pt\purgatorio\purgatorio_9.html --> ftp125.locaweb.com.br /public_html/pt/purgatorio purgatorio_9.html
2003.12.22 08:53 B C:\Docs\sites\helder\dante\pt\purgatorio\purgclock.gif --> ftp125.locaweb.com.br /public_html/pt/purgatorio purgclock.gif
2003.12.22 08:53 B C:\Docs\sites\helder\dante\pt\purgatorio\purgclock.swf --> ftp125.locaweb.com.br /public_html/pt/purgatorio purgclock.swf
2003.12.22 08:53 B C:\Docs\sites\helder\dante\pt\purgatorio\side.gif --> ftp125.locaweb.com.br /public_html/pt/purgatorio side.gif
2003.12.22 08:53 B C:\Docs\sites\helder\dante\pt\purgatorio\viaemail.html --> ftp125.locaweb.com.br /public_html/pt/purgatorio viaemail.html
2003.12.22 08:53 B C:\Docs\sites\helder\dante\pt\purgatorio\viaemail.html~ --> ftp125.locaweb.com.br /public_html/pt/purgatorio viaemail.html~
2003.12.22 08:53 B C:\Docs\sites\helder\dante\pt\purgatorio\WS_FTP.LOG --> ftp125.locaweb.com.br /public_html/pt/purgatorio WS_FTP.LOG
